<?xml version="1.0" encoding="UTF-8"?>
<!-- Generated by org.testng.reporters.JUnitXMLReporter -->
<testsuite hostname="CsekarAithent" ignored="0" name="IDS UBAR Integration" tests="2" failures="0" timestamp="2020-09-29T00:34:52 IST" time="84.231" errors="0">
  <testcase name="ubarLogin" time="12.087" classname="NostGroup.NostArtifact.TestCases.UbarTest"/>
  <testcase name="verifyCPP" time="70.131" classname="NostGroup.NostArtifact.TestCases.UbarTest"/>
</testsuite> <!-- IDS UBAR Integration -->
