<?xml version="1.0" encoding="UTF-8"?>
<!-- Generated by org.testng.reporters.JUnitXMLReporter -->
<testsuite hostname="CsekarAithent" ignored="0" name="IDS UBAR Integration" tests="18" failures="1" timestamp="2020-07-25T08:08:57 IST" time="256.386" errors="0">
  <testcase name="nostLogin" time="4.444" classname="NostGroup.NostArtifact.TestCases.UbarloginCase"/>
  <testcase name="addProtocol" time="21.269" classname="NostGroup.NostArtifact.TestCases.UbarloginCase"/>
  <testcase name="addPharmacy" time="14.35" classname="NostGroup.NostArtifact.TestCases.UbarloginCase"/>
  <testcase name="addSupplier" time="21.017" classname="NostGroup.NostArtifact.TestCases.UbarloginCase"/>
  <testcase name="addCatalog" time="21.384" classname="NostGroup.NostArtifact.TestCases.UbarloginCase"/>
  <testcase name="addPatient" time="23.651" classname="NostGroup.NostArtifact.TestCases.UbarloginCase"/>
  <testcase name="commonReceive" time="22.687" classname="NostGroup.NostArtifact.TestCases.UbarloginCase"/>
  <testcase name="submitqueueReceive" time="16.831" classname="NostGroup.NostArtifact.TestCases.UbarloginCase"/>
  <testcase name="commonTransferToPharmacy" time="47.532" classname="NostGroup.NostArtifact.TestCases.UbarloginCase"/>
  <testcase name="ubarLogin" time="5.645" classname="NostGroup.NostArtifact.TestCases.UbarloginCase"/>
  <testcase name="verifyFacility" time="15.691" classname="NostGroup.NostArtifact.TestCases.UbarloginCase"/>
  <testcase name="verifyServiceMaster" time="14.351" classname="NostGroup.NostArtifact.TestCases.UbarloginCase"/>
  <testcase name="verifyCPP" time="20.745" classname="NostGroup.NostArtifact.TestCases.UbarloginCase">
    <failure type="org.openqa.selenium.ElementNotInteractableException" message="Element &amp;lt;td&amp;gt; could not be scrolled into view
Build info: version: &amp;apos;3.141.59&amp;apos;, revision: &amp;apos;e82be7d358&amp;apos;, time: &amp;apos;2018-11-14T08:17:03&amp;apos;
System info: host: &amp;apos;CSEKARAITHENT&amp;apos;, ip: &amp;apos;192.168.195.4&amp;apos;, os.name: &amp;apos;Windows 10&amp;apos;, os.arch: &amp;apos;amd64&amp;apos;, os.version: &amp;apos;10.0&amp;apos;, java.version: &amp;apos;1.8.0_112&amp;apos;
Driver info: org.openqa.selenium.firefox.FirefoxDriver
Capabilities {acceptInsecureCerts: true, browserName: firefox, browserVersion: 78.0.2, javascriptEnabled: true, moz:accessibilityChecks: false, moz:buildID: 20200708170202, moz:geckodriverVersion: 0.26.0, moz:headless: false, moz:processID: 16740, moz:profile: C:\Users\Administrator\AppD..., moz:shutdownTimeout: 60000, moz:useNonSpecCompliantPointerOrigin: false, moz:webdriverClick: true, pageLoadStrategy: normal, platform: WINDOWS, platformName: WINDOWS, platformVersion: 10.0, rotatable: false, setWindowRect: true, strictFileInteractability: false, timeouts: {implicit: 0, pageLoad: 300000, script: 30000}, unhandledPromptBehavior: dismiss and notify}
Session ID: 10900977-e2b0-40f1-a86f-32ebdb96f446">
      <![CDATA[org.openqa.selenium.ElementNotInteractableException: Element <td> could not be scrolled into view
Build info: version: '3.141.59', revision: 'e82be7d358', time: '2018-11-14T08:17:03'
System info: host: 'CSEKARAITHENT', ip: '192.168.195.4', os.name: 'Windows 10', os.arch: 'amd64', os.version: '10.0', java.version: '1.8.0_112'
Driver info: org.openqa.selenium.firefox.FirefoxDriver
Capabilities {acceptInsecureCerts: true, browserName: firefox, browserVersion: 78.0.2, javascriptEnabled: true, moz:accessibilityChecks: false, moz:buildID: 20200708170202, moz:geckodriverVersion: 0.26.0, moz:headless: false, moz:processID: 16740, moz:profile: C:\Users\Administrator\AppD..., moz:shutdownTimeout: 60000, moz:useNonSpecCompliantPointerOrigin: false, moz:webdriverClick: true, pageLoadStrategy: normal, platform: WINDOWS, platformName: WINDOWS, platformVersion: 10.0, rotatable: false, setWindowRect: true, strictFileInteractability: false, timeouts: {implicit: 0, pageLoad: 300000, script: 30000}, unhandledPromptBehavior: dismiss and notify}
Session ID: 10900977-e2b0-40f1-a86f-32ebdb96f446
at org.openqa.selenium.remote.http.W3CHttpResponseCodec.createException(W3CHttpResponseCodec.java:187)
at org.openqa.selenium.remote.http.W3CHttpResponseCodec.decode(W3CHttpResponseCodec.java:122)
at org.openqa.selenium.remote.http.W3CHttpResponseCodec.decode(W3CHttpResponseCodec.java:49)
at org.openqa.selenium.remote.HttpCommandExecutor.execute(HttpCommandExecutor.java:158)
at org.openqa.selenium.remote.service.DriverCommandExecutor.execute(DriverCommandExecutor.java:83)
at org.openqa.selenium.remote.RemoteWebDriver.execute(RemoteWebDriver.java:552)
at org.openqa.selenium.remote.RemoteWebElement.execute(RemoteWebElement.java:285)
at org.openqa.selenium.remote.RemoteWebElement.click(RemoteWebElement.java:84)
at NostGroup.NostArtifact.Billing.CPP.cppAdd(CPP.java:109)
at NostGroup.NostArtifact.TestCases.UbarloginCase.verifyCPP(UbarloginCase.java:124)
at java.util.ArrayList.forEach(ArrayList.java:1249)
... Removed 31 stack frames]]>
    </failure>
  </testcase> <!-- verifyCPP -->
  <testcase name="nostLogin2" time="0.0" classname="NostGroup.NostArtifact.TestCases.UbarloginCase">
    <skipped/>
  </testcase> <!-- nostLogin2 -->
  <testcase name="addDispense" time="0.0" classname="NostGroup.NostArtifact.TestCases.UbarloginCase">
    <skipped/>
  </testcase> <!-- addDispense -->
  <testcase name="ubarLogin2" time="0.0" classname="NostGroup.NostArtifact.TestCases.UbarloginCase">
    <skipped/>
  </testcase> <!-- ubarLogin2 -->
  <testcase name="verifyServicedEntity" time="0.0" classname="NostGroup.NostArtifact.TestCases.UbarloginCase">
    <skipped/>
  </testcase> <!-- verifyServicedEntity -->
  <testcase name="verifyReviewCharges" time="0.0" classname="NostGroup.NostArtifact.TestCases.UbarloginCase">
    <skipped/>
  </testcase> <!-- verifyReviewCharges -->
</testsuite> <!-- IDS UBAR Integration -->
