<?xml version="1.0" encoding="UTF-8"?>
<!-- Generated by org.testng.reporters.JUnitXMLReporter -->
<testsuite hostname="CsekarAithent" ignored="0" name="Catalog Addition" tests="3" failures="0" timestamp="2021-03-17T16:56:27 IST" time="56.595" errors="0">
  <testcase name="nostLogin" time="10.646" classname="NostGroup.NostArtifact.TestCases.IDSFlow_Indivi_M"/>
  <testcase name="addCatalog" time="26.737" classname="NostGroup.NostArtifact.TestCases.IDSFlow_Indivi_M"/>
  <testcase name="verifyCatalog" time="17.047" classname="NostGroup.NostArtifact.TestCases.IDSFlow_Indivi_M"/>
</testsuite> <!-- Catalog Addition -->
