<?xml version="1.0" encoding="UTF-8"?>
<!-- Generated by org.testng.reporters.JUnitXMLReporter -->
<testsuite hostname="CsekarAithent" ignored="0" name="dispense module" tests="2" failures="0" timestamp="2020-09-16T07:07:14 IST" time="39.017" errors="0">
  <testcase name="nostLogin" time="7.403" classname="NostGroup.NostArtifact.TestCases.DispenseCase"/>
  <testcase name="saveQueueDispense" time="28.479" classname="NostGroup.NostArtifact.TestCases.DispenseCase"/>
</testsuite> <!-- dispense module -->
