<?xml version="1.0" encoding="UTF-8"?>
<!-- Generated by org.testng.reporters.JUnitXMLReporter -->
<testsuite hostname="CsekarAithent" ignored="0" name="dispense Creation" tests="15" failures="1" timestamp="2020-10-08T14:32:05 IST" time="28.187" errors="0">
  <testcase name="nostLogin" time="2.368" classname="NostGroup.NostArtifact.TestCases.IDSFlow_M_R_PR"/>
  <testcase name="addProtocol" time="19.747" classname="NostGroup.NostArtifact.TestCases.IDSFlow_M_R_PR">
    <failure type="org.openqa.selenium.ElementNotInteractableException" message="element not interactable
  (Session info: chrome=85.0.4183.102)
Build info: version: &amp;apos;3.141.59&amp;apos;, revision: &amp;apos;e82be7d358&amp;apos;, time: &amp;apos;2018-11-14T08:17:03&amp;apos;
System info: host: &amp;apos;CSEKARAITHENT&amp;apos;, ip: &amp;apos;192.168.192.168&amp;apos;, os.name: &amp;apos;Windows 10&amp;apos;, os.arch: &amp;apos;amd64&amp;apos;, os.version: &amp;apos;10.0&amp;apos;, java.version: &amp;apos;1.8.0_112&amp;apos;
Driver info: org.openqa.selenium.chrome.ChromeDriver
Capabilities {acceptInsecureCerts: false, browserName: chrome, browserVersion: 85.0.4183.102, chrome: {chromedriverVersion: 85.0.4183.87 (cd6713ebf92fa..., userDataDir: C:\Users\ADMINI~1\AppData\L...}, goog:chromeOptions: {debuggerAddress: localhost:62781}, javascriptEnabled: true, networkConnectionEnabled: false, pageLoadStrategy: normal, platform: WINDOWS, platformName: WINDOWS, proxy: Proxy(), setWindowRect: true, strictFileInteractability: false, timeouts: {implicit: 0, pageLoad: 300000, script: 30000}, unhandledPromptBehavior: dismiss and notify, webauthn:virtualAuthenticators: true}
Session ID: e27def6fffba82248da21f1b35305485">
      <![CDATA[org.openqa.selenium.ElementNotInteractableException: element not interactable
  (Session info: chrome=85.0.4183.102)
Build info: version: '3.141.59', revision: 'e82be7d358', time: '2018-11-14T08:17:03'
System info: host: 'CSEKARAITHENT', ip: '192.168.192.168', os.name: 'Windows 10', os.arch: 'amd64', os.version: '10.0', java.version: '1.8.0_112'
Driver info: org.openqa.selenium.chrome.ChromeDriver
Capabilities {acceptInsecureCerts: false, browserName: chrome, browserVersion: 85.0.4183.102, chrome: {chromedriverVersion: 85.0.4183.87 (cd6713ebf92fa..., userDataDir: C:\Users\ADMINI~1\AppData\L...}, goog:chromeOptions: {debuggerAddress: localhost:62781}, javascriptEnabled: true, networkConnectionEnabled: false, pageLoadStrategy: normal, platform: WINDOWS, platformName: WINDOWS, proxy: Proxy(), setWindowRect: true, strictFileInteractability: false, timeouts: {implicit: 0, pageLoad: 300000, script: 30000}, unhandledPromptBehavior: dismiss and notify, webauthn:virtualAuthenticators: true}
Session ID: e27def6fffba82248da21f1b35305485
at org.openqa.selenium.remote.http.W3CHttpResponseCodec.createException(W3CHttpResponseCodec.java:187)
at org.openqa.selenium.remote.http.W3CHttpResponseCodec.decode(W3CHttpResponseCodec.java:122)
at org.openqa.selenium.remote.http.W3CHttpResponseCodec.decode(W3CHttpResponseCodec.java:49)
at org.openqa.selenium.remote.HttpCommandExecutor.execute(HttpCommandExecutor.java:158)
at org.openqa.selenium.remote.service.DriverCommandExecutor.execute(DriverCommandExecutor.java:83)
at org.openqa.selenium.remote.RemoteWebDriver.execute(RemoteWebDriver.java:552)
at org.openqa.selenium.remote.RemoteWebElement.execute(RemoteWebElement.java:285)
at org.openqa.selenium.remote.RemoteWebElement.sendKeys(RemoteWebElement.java:106)
at NostGroup.NostArtifact.Base.CommonMethods.type(CommonMethods.java:92)
at NostGroup.NostArtifact.Manage.Protocol.addProtocol(Protocol.java:65)
at NostGroup.NostArtifact.TestCases.IDSFlow_M_R_PR.addProtocol(IDSFlow_M_R_PR.java:37)
at java.util.ArrayList.forEach(ArrayList.java:1249)
... Removed 31 stack frames]]>
    </failure>
  </testcase> <!-- addProtocol -->
  <testcase name="verifyProtocol" time="0.0" classname="NostGroup.NostArtifact.TestCases.IDSFlow_M_R_PR">
    <skipped/>
  </testcase> <!-- verifyProtocol -->
  <testcase name="addPharmacy" time="0.0" classname="NostGroup.NostArtifact.TestCases.IDSFlow_M_R_PR">
    <skipped/>
  </testcase> <!-- addPharmacy -->
  <testcase name="verifyPharmacy" time="0.0" classname="NostGroup.NostArtifact.TestCases.IDSFlow_M_R_PR">
    <skipped/>
  </testcase> <!-- verifyPharmacy -->
  <testcase name="addSupplier" time="0.0" classname="NostGroup.NostArtifact.TestCases.IDSFlow_M_R_PR">
    <skipped/>
  </testcase> <!-- addSupplier -->
  <testcase name="verifySupplier" time="0.0" classname="NostGroup.NostArtifact.TestCases.IDSFlow_M_R_PR">
    <skipped/>
  </testcase> <!-- verifySupplier -->
  <testcase name="addCatalog" time="0.0" classname="NostGroup.NostArtifact.TestCases.IDSFlow_M_R_PR">
    <skipped/>
  </testcase> <!-- addCatalog -->
  <testcase name="verifyCatalog" time="0.0" classname="NostGroup.NostArtifact.TestCases.IDSFlow_M_R_PR">
    <skipped/>
  </testcase> <!-- verifyCatalog -->
  <testcase name="addPatient" time="0.0" classname="NostGroup.NostArtifact.TestCases.IDSFlow_M_R_PR">
    <skipped/>
  </testcase> <!-- addPatient -->
  <testcase name="verifyPatient" time="0.0" classname="NostGroup.NostArtifact.TestCases.IDSFlow_M_R_PR">
    <skipped/>
  </testcase> <!-- verifyPatient -->
  <testcase name="commonReceive" time="0.0" classname="NostGroup.NostArtifact.TestCases.IDSFlow_M_R_PR">
    <skipped/>
  </testcase> <!-- commonReceive -->
  <testcase name="submitqueueReceive" time="0.0" classname="NostGroup.NostArtifact.TestCases.IDSFlow_M_R_PR">
    <skipped/>
  </testcase> <!-- submitqueueReceive -->
  <testcase name="commonTransferToPharmacy" time="0.0" classname="NostGroup.NostArtifact.TestCases.IDSFlow_M_R_PR">
    <skipped/>
  </testcase> <!-- commonTransferToPharmacy -->
  <testcase name="addDispense" time="0.0" classname="NostGroup.NostArtifact.TestCases.IDSFlow_M_R_PR">
    <skipped/>
  </testcase> <!-- addDispense -->
</testsuite> <!-- dispense Creation -->
