<?xml version="1.0" encoding="UTF-8"?>
<!-- Generated by org.testng.reporters.JUnitXMLReporter -->
<testsuite hostname="CsekarAithent" ignored="0" name="dispense Creation" tests="10" failures="1" timestamp="2020-07-10T14:39:56 IST" time="230.398" errors="0">
  <testcase name="nostLogin" time="5.06" classname="NostGroup.NostArtifact.TestCases.IDSFlow_M_R_PR"/>
  <testcase name="addProtocol" time="22.43" classname="NostGroup.NostArtifact.TestCases.IDSFlow_M_R_PR"/>
  <testcase name="addPharmacy" time="13.718" classname="NostGroup.NostArtifact.TestCases.IDSFlow_M_R_PR"/>
  <testcase name="addSupplier" time="21.061" classname="NostGroup.NostArtifact.TestCases.IDSFlow_M_R_PR"/>
  <testcase name="addCatalog" time="18.258" classname="NostGroup.NostArtifact.TestCases.IDSFlow_M_R_PR"/>
  <testcase name="addPatient" time="23.296" classname="NostGroup.NostArtifact.TestCases.IDSFlow_M_R_PR"/>
  <testcase name="commonReceive" time="24.362" classname="NostGroup.NostArtifact.TestCases.IDSFlow_M_R_PR"/>
  <testcase name="submitqueueReceive" time="15.601" classname="NostGroup.NostArtifact.TestCases.IDSFlow_M_R_PR"/>
  <testcase name="commonTransferToPharmacy" time="40.664" classname="NostGroup.NostArtifact.TestCases.IDSFlow_M_R_PR"/>
  <testcase name="addDispense" time="38.611" classname="NostGroup.NostArtifact.TestCases.IDSFlow_M_R_PR">
    <failure type="org.openqa.selenium.NoSuchElementException" message="Unable to locate element: //table[@id=&amp;apos;unittab&amp;apos;]/tbody/tr[2]/td[1]
For documentation on this error, please visit: https://www.seleniumhq.org/exceptions/no_such_element.html
Build info: version: &amp;apos;3.141.59&amp;apos;, revision: &amp;apos;e82be7d358&amp;apos;, time: &amp;apos;2018-11-14T08:17:03&amp;apos;
System info: host: &amp;apos;CSEKARAITHENT&amp;apos;, ip: &amp;apos;192.168.195.4&amp;apos;, os.name: &amp;apos;Windows 10&amp;apos;, os.arch: &amp;apos;amd64&amp;apos;, os.version: &amp;apos;10.0&amp;apos;, java.version: &amp;apos;1.8.0_112&amp;apos;
Driver info: org.openqa.selenium.firefox.FirefoxDriver
Capabilities {acceptInsecureCerts: true, browserName: firefox, browserVersion: 78.0.1, javascriptEnabled: true, moz:accessibilityChecks: false, moz:buildID: 20200630195452, moz:geckodriverVersion: 0.26.0, moz:headless: false, moz:processID: 26332, moz:profile: C:\Users\Administrator\AppD..., moz:shutdownTimeout: 60000, moz:useNonSpecCompliantPointerOrigin: false, moz:webdriverClick: true, pageLoadStrategy: normal, platform: WINDOWS, platformName: WINDOWS, platformVersion: 10.0, rotatable: false, setWindowRect: true, strictFileInteractability: false, timeouts: {implicit: 0, pageLoad: 300000, script: 30000}, unhandledPromptBehavior: dismiss and notify}
Session ID: 687e0fcb-48e9-47f2-baf7-301e4e54ad31
*** Element info: {Using=xpath, value=//table[@id=&amp;apos;unittab&amp;apos;]/tbody/tr[2]/td[1]}">
      <![CDATA[org.openqa.selenium.NoSuchElementException: Unable to locate element: //table[@id='unittab']/tbody/tr[2]/td[1]
For documentation on this error, please visit: https://www.seleniumhq.org/exceptions/no_such_element.html
Build info: version: '3.141.59', revision: 'e82be7d358', time: '2018-11-14T08:17:03'
System info: host: 'CSEKARAITHENT', ip: '192.168.195.4', os.name: 'Windows 10', os.arch: 'amd64', os.version: '10.0', java.version: '1.8.0_112'
Driver info: org.openqa.selenium.firefox.FirefoxDriver
Capabilities {acceptInsecureCerts: true, browserName: firefox, browserVersion: 78.0.1, javascriptEnabled: true, moz:accessibilityChecks: false, moz:buildID: 20200630195452, moz:geckodriverVersion: 0.26.0, moz:headless: false, moz:processID: 26332, moz:profile: C:\Users\Administrator\AppD..., moz:shutdownTimeout: 60000, moz:useNonSpecCompliantPointerOrigin: false, moz:webdriverClick: true, pageLoadStrategy: normal, platform: WINDOWS, platformName: WINDOWS, platformVersion: 10.0, rotatable: false, setWindowRect: true, strictFileInteractability: false, timeouts: {implicit: 0, pageLoad: 300000, script: 30000}, unhandledPromptBehavior: dismiss and notify}
Session ID: 687e0fcb-48e9-47f2-baf7-301e4e54ad31
*** Element info: {Using=xpath, value=//table[@id='unittab']/tbody/tr[2]/td[1]}
at org.openqa.selenium.remote.http.W3CHttpResponseCodec.createException(W3CHttpResponseCodec.java:187)
at org.openqa.selenium.remote.http.W3CHttpResponseCodec.decode(W3CHttpResponseCodec.java:122)
at org.openqa.selenium.remote.http.W3CHttpResponseCodec.decode(W3CHttpResponseCodec.java:49)
at org.openqa.selenium.remote.HttpCommandExecutor.execute(HttpCommandExecutor.java:158)
at org.openqa.selenium.remote.service.DriverCommandExecutor.execute(DriverCommandExecutor.java:83)
at org.openqa.selenium.remote.RemoteWebDriver.execute(RemoteWebDriver.java:552)
at org.openqa.selenium.remote.RemoteWebDriver.findElement(RemoteWebDriver.java:323)
at org.openqa.selenium.remote.RemoteWebDriver.findElementByXPath(RemoteWebDriver.java:428)
at org.openqa.selenium.By$ByXPath.findElement(By.java:353)
at org.openqa.selenium.remote.RemoteWebDriver.findElement(RemoteWebDriver.java:315)
at NostGroup.NostArtifact.Dispense.Dispense.dispPatientSearch(Dispense.java:119)
at NostGroup.NostArtifact.TestCases.IDSFlow_M_R_PR.addDispense(IDSFlow_M_R_PR.java:93)
at java.util.ArrayList.forEach(ArrayList.java:1249)
... Removed 31 stack frames]]>
    </failure>
  </testcase> <!-- addDispense -->
</testsuite> <!-- dispense Creation -->
