<?xml version="1.0" encoding="UTF-8"?>
<!-- Generated by org.testng.reporters.JUnitXMLReporter -->
<testsuite hostname="CsekarAithent" ignored="0" name="dispense Creation" tests="15" failures="0" timestamp="2020-10-15T16:42:37 IST" time="263.658" errors="0">
  <testcase name="nostLogin" time="6.339" classname="NostGroup.NostArtifact.TestCases.IDSFlow_M_R_PR"/>
  <testcase name="addProtocol" time="20.628" classname="NostGroup.NostArtifact.TestCases.IDSFlow_M_R_PR"/>
  <testcase name="verifyProtocol" time="7.302" classname="NostGroup.NostArtifact.TestCases.IDSFlow_M_R_PR"/>
  <testcase name="addPharmacy" time="13.091" classname="NostGroup.NostArtifact.TestCases.IDSFlow_M_R_PR"/>
  <testcase name="verifyPharmacy" time="10.793" classname="NostGroup.NostArtifact.TestCases.IDSFlow_M_R_PR"/>
  <testcase name="addSupplier" time="24.01" classname="NostGroup.NostArtifact.TestCases.IDSFlow_M_R_PR"/>
  <testcase name="verifySupplier" time="11.307" classname="NostGroup.NostArtifact.TestCases.IDSFlow_M_R_PR"/>
  <testcase name="addCatalog" time="15.736" classname="NostGroup.NostArtifact.TestCases.IDSFlow_M_R_PR"/>
  <testcase name="verifyCatalog" time="16.712" classname="NostGroup.NostArtifact.TestCases.IDSFlow_M_R_PR"/>
  <testcase name="addPatient" time="29.207" classname="NostGroup.NostArtifact.TestCases.IDSFlow_M_R_PR"/>
  <testcase name="verifyPatient" time="7.17" classname="NostGroup.NostArtifact.TestCases.IDSFlow_M_R_PR"/>
  <testcase name="commonReceive" time="19.872" classname="NostGroup.NostArtifact.TestCases.IDSFlow_M_R_PR"/>
  <testcase name="submitqueueReceive" time="17.804" classname="NostGroup.NostArtifact.TestCases.IDSFlow_M_R_PR"/>
  <testcase name="commonTransferToPharmacy" time="36.793" classname="NostGroup.NostArtifact.TestCases.IDSFlow_M_R_PR"/>
  <testcase name="addDispense" time="23.814" classname="NostGroup.NostArtifact.TestCases.IDSFlow_M_R_PR"/>
</testsuite> <!-- dispense Creation -->
