<?xml version="1.0" encoding="UTF-8"?>
<!-- Generated by org.testng.reporters.JUnitXMLReporter -->
<testsuite hostname="CsekarAithent" ignored="0" name="Maintenance Creation" tests="6" failures="0" timestamp="2020-06-16T21:30:43 IST" time="125.945" errors="0">
  <testcase name="nostLogin" time="5.752" classname="NostGroup.NostArtifact.TestCases.Mainte_Creation"/>
  <testcase name="addProtocol" time="25.037" classname="NostGroup.NostArtifact.TestCases.Mainte_Creation"/>
  <testcase name="addPharmacy" time="15.625" classname="NostGroup.NostArtifact.TestCases.Mainte_Creation"/>
  <testcase name="addSupplier" time="21.371" classname="NostGroup.NostArtifact.TestCases.Mainte_Creation"/>
  <testcase name="addCatalog" time="22.748" classname="NostGroup.NostArtifact.TestCases.Mainte_Creation"/>
  <testcase name="addPatient" time="30.383" classname="NostGroup.NostArtifact.TestCases.Mainte_Creation"/>
</testsuite> <!-- Maintenance Creation -->
