<?xml version="1.0" encoding="UTF-8"?>
<!-- Generated by org.testng.reporters.JUnitXMLReporter -->
<testsuite hostname="CsekarAithent" ignored="0" name="Maintenance Creation" tests="2" failures="0" timestamp="2020-05-28T15:36:17 IST" time="60.754" errors="0">
  <testcase name="nostlogin" time="9.411" classname="NostGroup.NostArtifact.TestCases.ReceiveCase"/>
  <testcase name="receiveCommon" time="51.287" classname="NostGroup.NostArtifact.TestCases.ReceiveCase"/>
</testsuite> <!-- Maintenance Creation -->
