<?xml version="1.0" encoding="UTF-8"?>
<!-- Generated by org.testng.reporters.JUnitXMLReporter -->
<testsuite hostname="CsekarAithent" ignored="0" name="Nost Login Test" tests="2" failures="0" timestamp="2020-07-24T17:47:52 IST" time="19.821" errors="0">
  <testcase name="nostLogin" time="3.209" classname="NostGroup.NostArtifact.TestCases.NostloginCase"/>
  <testcase name="verifySupplier" time="14.542" classname="NostGroup.NostArtifact.TestCases.NostloginCase"/>
</testsuite> <!-- Nost Login Test -->
