<?xml version="1.0" encoding="UTF-8"?>
<!-- Generated by org.testng.reporters.JUnitXMLReporter -->
<testsuite hostname="CsekarAithent" ignored="0" name="Nost Login Test" tests="1" failures="1" timestamp="2020-06-15T16:45:50 IST" time="7.351" errors="0">
  <testcase name="nostLogin" time="4.481" classname="NostGroup.NostArtifact.TestCases.NostloginCase">
    <failure type="java.lang.AssertionError" message="Failing for sake">
      <![CDATA[java.lang.AssertionError: Failing for sake
at NostGroup.NostArtifact.Base.NostLogin.nost_Login(NostLogin.java:46)
at NostGroup.NostArtifact.TestCases.NostloginCase.nostLogin(NostloginCase.java:22)
at java.util.ArrayList.forEach(ArrayList.java:1249)
... Removed 28 stack frames]]>
    </failure>
  </testcase> <!-- nostLogin -->
</testsuite> <!-- Nost Login Test -->
