<?xml version="1.0" encoding="UTF-8"?>
<!-- Generated by org.testng.reporters.JUnitXMLReporter -->
<testsuite hostname="CsekarAithent" ignored="0" name="Test" tests="6" failures="0" timestamp="2020-05-27T12:46:21 IST" time="128.915" errors="0">
  <testcase name="nostlogin" time="6.61" classname="NostGroup.NostArtifact.TestCases.Mainte_Creation"/>
  <testcase name="addProtocol" time="24.229" classname="NostGroup.NostArtifact.TestCases.Mainte_Creation"/>
  <testcase name="addPharmacy" time="13.271" classname="NostGroup.NostArtifact.TestCases.Mainte_Creation"/>
  <testcase name="addSupplier" time="20.597" classname="NostGroup.NostArtifact.TestCases.Mainte_Creation"/>
  <testcase name="addCatalog" time="35.969" classname="NostGroup.NostArtifact.TestCases.Mainte_Creation"/>
  <testcase name="addPatient" time="28.154" classname="NostGroup.NostArtifact.TestCases.Mainte_Creation"/>
</testsuite> <!-- Test -->
