<?xml version="1.0" encoding="UTF-8"?>
<testsuite name="dispense Creation"
           tests="15"
           failures="0"
           errors="0"
           skipped="0"
           time="261.195">
  <properties />
  
  
            <testcase name="addProtocol" time="19.702" classname="NostGroup.NostArtifact.TestCases.IDSFlow_M_R_PR" />
                <testcase name="verifyCatalog" time="16.583" classname="NostGroup.NostArtifact.TestCases.IDSFlow_M_R_PR" />
                <testcase name="addPharmacy" time="12.518" classname="NostGroup.NostArtifact.TestCases.IDSFlow_M_R_PR" />
                <testcase name="commonReceive" time="19.306" classname="NostGroup.NostArtifact.TestCases.IDSFlow_M_R_PR" />
                <testcase name="commonTransferToPharmacy" time="36.899" classname="NostGroup.NostArtifact.TestCases.IDSFlow_M_R_PR" />
                <testcase name="addSupplier" time="23.451" classname="NostGroup.NostArtifact.TestCases.IDSFlow_M_R_PR" />
                <testcase name="addPatient" time="29.134" classname="NostGroup.NostArtifact.TestCases.IDSFlow_M_R_PR" />
                <testcase name="nostLogin" time="8.931" classname="NostGroup.NostArtifact.TestCases.IDSFlow_M_R_PR" />
                <testcase name="verifySupplier" time="11.298" classname="NostGroup.NostArtifact.TestCases.IDSFlow_M_R_PR" />
                <testcase name="verifyPharmacy" time="11.643" classname="NostGroup.NostArtifact.TestCases.IDSFlow_M_R_PR" />
                <testcase name="addCatalog" time="15.420" classname="NostGroup.NostArtifact.TestCases.IDSFlow_M_R_PR" />
                <testcase name="addDispense" time="24.120" classname="NostGroup.NostArtifact.TestCases.IDSFlow_M_R_PR" />
                <testcase name="verifyProtocol" time="7.338" classname="NostGroup.NostArtifact.TestCases.IDSFlow_M_R_PR" />
                <testcase name="submitqueueReceive" time="17.635" classname="NostGroup.NostArtifact.TestCases.IDSFlow_M_R_PR" />
                <testcase name="verifyPatient" time="7.217" classname="NostGroup.NostArtifact.TestCases.IDSFlow_M_R_PR" />
      
</testsuite>
