<?xml version="1.0" encoding="UTF-8"?>
<testsuite name="Maintenance Creation"
           tests="6"
           failures="0"
           errors="0"
           skipped="0"
           time="122.762">
  <properties />
  
  
            <testcase name="addSupplier" time="24.079" classname="NostGroup.NostArtifact.TestCases.Mainte_Creation" />
                <testcase name="nostLogin" time="5.853" classname="NostGroup.NostArtifact.TestCases.Mainte_Creation" />
                <testcase name="addPatient" time="29.567" classname="NostGroup.NostArtifact.TestCases.Mainte_Creation" />
                <testcase name="addPharmacy" time="13.998" classname="NostGroup.NostArtifact.TestCases.Mainte_Creation" />
                <testcase name="addCatalog" time="26.188" classname="NostGroup.NostArtifact.TestCases.Mainte_Creation" />
                <testcase name="addProtocol" time="23.077" classname="NostGroup.NostArtifact.TestCases.Mainte_Creation" />
      
</testsuite>
