<?xml version="1.0" encoding="UTF-8"?>
<testsuite name="IDS UBAR Integration"
           tests="18"
           failures="1"
           errors="0"
           skipped="5"
           time="249.597">
  <properties />
            <testcase name="verifyCPP" time="20.745" classname="NostGroup.NostArtifact.TestCases.UbarloginCase">
                <failure type="org.openqa.selenium.ElementNotInteractableException"
                  message="Element &lt;td&gt; could not be scrolled into view
Build info: version: &apos;3.141.59&apos;, revision: &apos;e82be7d358&apos;, time: &apos;2018-11-14T08:17:03&apos;
System info: host: &apos;CSEKARAITHENT&apos;, ip: &apos;192.168.195.4&apos;, os.name: &apos;Windows 10&apos;, os.arch: &apos;amd64&apos;, os.version: &apos;10.0&apos;, java.version: &apos;1.8.0_112&apos;
Driver info: org.openqa.selenium.firefox.FirefoxDriver
Capabilities {acceptInsecureCerts: true, browserName: firefox, browserVersion: 78.0.2, javascriptEnabled: true, moz:accessibilityChecks: false, moz:buildID: 20200708170202, moz:geckodriverVersion: 0.26.0, moz:headless: false, moz:processID: 16740, moz:profile: C:\Users\Administrator\AppD..., moz:shutdownTimeout: 60000, moz:useNonSpecCompliantPointerOrigin: false, moz:webdriverClick: true, pageLoadStrategy: normal, platform: WINDOWS, platformName: WINDOWS, platformVersion: 10.0, rotatable: false, setWindowRect: true, strictFileInteractability: false, timeouts: {implicit: 0, pageLoad: 300000, script: 30000}, unhandledPromptBehavior: dismiss and notify}
Session ID: 10900977-e2b0-40f1-a86f-32ebdb96f446"
              >
<![CDATA[org.openqa.selenium.ElementNotInteractableException: Element <td> could not be scrolled into view
Build info: version: '3.141.59', revision: 'e82be7d358', time: '2018-11-14T08:17:03'
System info: host: 'CSEKARAITHENT', ip: '192.168.195.4', os.name: 'Windows 10', os.arch: 'amd64', os.version: '10.0', java.version: '1.8.0_112'
Driver info: org.openqa.selenium.firefox.FirefoxDriver
Capabilities {acceptInsecureCerts: true, browserName: firefox, browserVersion: 78.0.2, javascriptEnabled: true, moz:accessibilityChecks: false, moz:buildID: 20200708170202, moz:geckodriverVersion: 0.26.0, moz:headless: false, moz:processID: 16740, moz:profile: C:\Users\Administrator\AppD..., moz:shutdownTimeout: 60000, moz:useNonSpecCompliantPointerOrigin: false, moz:webdriverClick: true, pageLoadStrategy: normal, platform: WINDOWS, platformName: WINDOWS, platformVersion: 10.0, rotatable: false, setWindowRect: true, strictFileInteractability: false, timeouts: {implicit: 0, pageLoad: 300000, script: 30000}, unhandledPromptBehavior: dismiss and notify}
Session ID: 10900977-e2b0-40f1-a86f-32ebdb96f446
  sun.reflect.NativeConstructorAccessorImpl.newInstance0(Native Method)
  sun.reflect.NativeConstructorAccessorImpl.newInstance(NativeConstructorAccessorImpl.java:62)
  sun.reflect.DelegatingConstructorAccessorImpl.newInstance(DelegatingConstructorAccessorImpl.java:45)
  java.lang.reflect.Constructor.newInstance(Constructor.java:423)
  org.openqa.selenium.remote.http.W3CHttpResponseCodec.createException(W3CHttpResponseCodec.java:187)
  org.openqa.selenium.remote.http.W3CHttpResponseCodec.decode(W3CHttpResponseCodec.java:122)
  org.openqa.selenium.remote.http.W3CHttpResponseCodec.decode(W3CHttpResponseCodec.java:49)
  org.openqa.selenium.remote.HttpCommandExecutor.execute(HttpCommandExecutor.java:158)
  org.openqa.selenium.remote.service.DriverCommandExecutor.execute(DriverCommandExecutor.java:83)
  org.openqa.selenium.remote.RemoteWebDriver.execute(RemoteWebDriver.java:552)
  org.openqa.selenium.remote.RemoteWebElement.execute(RemoteWebElement.java:285)
  org.openqa.selenium.remote.RemoteWebElement.click(RemoteWebElement.java:84)
  NostGroup.NostArtifact.Billing.CPP.cppAdd(CPP.java:109)
  NostGroup.NostArtifact.TestCases.UbarloginCase.verifyCPP(UbarloginCase.java:124)
  sun.reflect.NativeMethodAccessorImpl.invoke0(Native Method)
  sun.reflect.NativeMethodAccessorImpl.invoke(NativeMethodAccessorImpl.java:62)
  sun.reflect.DelegatingMethodAccessorImpl.invoke(DelegatingMethodAccessorImpl.java:43)
  java.lang.reflect.Method.invoke(Method.java:498)
  org.testng.internal.MethodInvocationHelper.invokeMethod(MethodInvocationHelper.java:134)
  org.testng.internal.TestInvoker.invokeMethod(TestInvoker.java:597)
  org.testng.internal.TestInvoker.invokeTestMethod(TestInvoker.java:173)
  org.testng.internal.MethodRunner.runInSequence(MethodRunner.java:46)
  org.testng.internal.TestInvoker$MethodInvocationAgent.invoke(TestInvoker.java:816)
  org.testng.internal.TestInvoker.invokeTestMethods(TestInvoker.java:146)
  org.testng.internal.TestMethodWorker.invokeTestMethods(TestMethodWorker.java:146)
  org.testng.internal.TestMethodWorker.run(TestMethodWorker.java:128)
  java.util.ArrayList.forEach(ArrayList.java:1249)
  org.testng.TestRunner.privateRun(TestRunner.java:766)
  org.testng.TestRunner.run(TestRunner.java:587)
  org.testng.SuiteRunner.runTest(SuiteRunner.java:384)
  org.testng.SuiteRunner.runSequentially(SuiteRunner.java:378)
  org.testng.SuiteRunner.privateRun(SuiteRunner.java:337)
  org.testng.SuiteRunner.run(SuiteRunner.java:286)
  org.testng.SuiteRunnerWorker.runSuite(SuiteRunnerWorker.java:53)
  org.testng.SuiteRunnerWorker.run(SuiteRunnerWorker.java:96)
  org.testng.TestNG.runSuitesSequentially(TestNG.java:1187)
  org.testng.TestNG.runSuitesLocally(TestNG.java:1109)
  org.testng.TestNG.runSuites(TestNG.java:1039)
  org.testng.TestNG.run(TestNG.java:1007)
  org.testng.remote.AbstractRemoteTestNG.run(AbstractRemoteTestNG.java:115)
  org.testng.remote.RemoteTestNG.initAndRun(RemoteTestNG.java:251)
  org.testng.remote.RemoteTestNG.main(RemoteTestNG.java:77)
]]>
      </failure>

          </testcase>
  
            <testcase name="verifyReviewCharges" time="0.0" classname="NostGroup.NostArtifact.TestCases.UbarloginCase">
          <skipped />
    </testcase>
            <testcase name="verifyServicedEntity" time="0.0" classname="NostGroup.NostArtifact.TestCases.UbarloginCase">
          <skipped />
    </testcase>
            <testcase name="nostLogin2" time="0.0" classname="NostGroup.NostArtifact.TestCases.UbarloginCase">
          <skipped />
    </testcase>
            <testcase name="ubarLogin2" time="0.0" classname="NostGroup.NostArtifact.TestCases.UbarloginCase">
          <skipped />
    </testcase>
            <testcase name="addDispense" time="0.0" classname="NostGroup.NostArtifact.TestCases.UbarloginCase">
          <skipped />
    </testcase>
  
            <testcase name="verifyFacility" time="15.691" classname="NostGroup.NostArtifact.TestCases.UbarloginCase" />
                <testcase name="verifyServiceMaster" time="14.351" classname="NostGroup.NostArtifact.TestCases.UbarloginCase" />
                <testcase name="ubarLogin" time="5.645" classname="NostGroup.NostArtifact.TestCases.UbarloginCase" />
                <testcase name="addPatient" time="23.651" classname="NostGroup.NostArtifact.TestCases.UbarloginCase" />
                <testcase name="nostLogin" time="4.444" classname="NostGroup.NostArtifact.TestCases.UbarloginCase" />
                <testcase name="submitqueueReceive" time="16.831" classname="NostGroup.NostArtifact.TestCases.UbarloginCase" />
                <testcase name="addCatalog" time="21.384" classname="NostGroup.NostArtifact.TestCases.UbarloginCase" />
                <testcase name="addPharmacy" time="14.350" classname="NostGroup.NostArtifact.TestCases.UbarloginCase" />
                <testcase name="addProtocol" time="21.269" classname="NostGroup.NostArtifact.TestCases.UbarloginCase" />
                <testcase name="commonReceive" time="22.687" classname="NostGroup.NostArtifact.TestCases.UbarloginCase" />
                <testcase name="addSupplier" time="21.017" classname="NostGroup.NostArtifact.TestCases.UbarloginCase" />
                <testcase name="commonTransferToPharmacy" time="47.532" classname="NostGroup.NostArtifact.TestCases.UbarloginCase" />
      
</testsuite>
