<?xml version="1.0" encoding="UTF-8"?>
<testsuite name="dispense Creation"
           tests="9"
           failures="0"
           errors="0"
           skipped="0"
           time="142.700">
  <properties />
  
  
            <testcase name="commonReceive" time="22.075" classname="NostGroup.NostArtifact.TestCases.IDS_Disp_Interface" />
                <testcase name="nostLogin" time="4.501" classname="NostGroup.NostArtifact.TestCases.IDS_Disp_Interface" />
                <testcase name="addPharmacy" time="13.761" classname="NostGroup.NostArtifact.TestCases.IDS_Disp_Interface" />
                <testcase name="verifyPharmacy" time="11.003" classname="NostGroup.NostArtifact.TestCases.IDS_Disp_Interface" />
                <testcase name="addSupplier" time="23.376" classname="NostGroup.NostArtifact.TestCases.IDS_Disp_Interface" />
                <testcase name="addCatalog" time="22.753" classname="NostGroup.NostArtifact.TestCases.IDS_Disp_Interface" />
                <testcase name="submitqueueReceive" time="16.213" classname="NostGroup.NostArtifact.TestCases.IDS_Disp_Interface" />
                <testcase name="verifySupplier" time="11.632" classname="NostGroup.NostArtifact.TestCases.IDS_Disp_Interface" />
                <testcase name="verifyCatalog" time="17.386" classname="NostGroup.NostArtifact.TestCases.IDS_Disp_Interface" />
      
</testsuite>
