<?xml version="1.0" encoding="UTF-8"?>
<testng-results skipped="0" failed="0" ignored="0" total="2" passed="2">
  <reporter-output>
    <line>
      <![CDATA[Login Billing starts....]]>
    </line>
    <line>
      <![CDATA[Entered the value 'admin' in field 'username-billing']]>
    </line>
    <line>
      <![CDATA[Entered the value 'aithentchn' in field 'password-billing']]>
    </line>
    <line>
      <![CDATA[Clicked the item: login-button-billing]]>
    </line>
    <line>
      <![CDATA[Clicked the item: maintenance-billing-menu]]>
    </line>
    <line>
      <![CDATA[Clicked the item: cpp-menu]]>
    </line>
    <line>
      <![CDATA[Entered the value '14-SEP-11-20-PROT-ed' in field 'cpp-plan-search']]>
    </line>
    <line>
      <![CDATA[Clicked the item: cpp-search]]>
    </line>
    <line>
      <![CDATA[Plan '14-SEP-11-20-PROT-ed' integrated to CPP successfully]]>
    </line>
    <line>
      <![CDATA[Clicked the item: cpp-payer-search-icon]]>
    </line>
    <line>
      <![CDATA[Entered the value 'Dummil-Test' in field 'cpp-payer-search-result-search-bar']]>
    </line>
    <line>
      <![CDATA[Payer 'Dummil-Test' selected from existing Payer's list successfully]]>
    </line>
    <line>
      <![CDATA[Clicked the item: cpp-attach-payer]]>
    </line>
    <line>
      <![CDATA[Service '14-SEP-11-20-Drg-ed' not listed in CPP CDM]]>
    </line>
    <line>
      <![CDATA[Service '14-SEP-11-20-Drg-ed' found in CPP Services table]]>
    </line>
    <line>
      <![CDATA[Clicked the item: cpp-cdm-quantity-based]]>
    </line>
    <line>
      <![CDATA[Entered the value '230.0' in field 'cpp-cdm-service-price']]>
    </line>
    <line>
      <![CDATA[Clicked the item: cpp-cdm-save]]>
    </line>
    <line>
      <![CDATA[After CDM addition, CDM entry added successfully in CPP CDM]]>
    </line>
  </reporter-output>
  <suite name="Nostradamus Suite" duration-ms="84231" started-at="2020-09-29T00:33:28 IST" finished-at="2020-09-29T00:34:52 IST">
    <groups>
    </groups>
    <test name="IDS UBAR Integration" duration-ms="84231" started-at="2020-09-29T00:33:28 IST" finished-at="2020-09-29T00:34:52 IST">
      <class name="NostGroup.NostArtifact.TestCases.UbarTest">
        <test-method status="PASS" signature="browserLaunch()[pri:0, instance:NostGroup.NostArtifact.TestCases.UbarTest@3c87521]" name="browserLaunch" is-config="true" duration-ms="6382" started-at="2020-09-29T00:33:22 IST" finished-at="2020-09-29T00:33:28 IST">
          <reporter-output>
          </reporter-output>
        </test-method> <!-- browserLaunch -->
        <test-method status="PASS" signature="ubarLogin(java.util.Hashtable)[pri:1, instance:NostGroup.NostArtifact.TestCases.UbarTest@3c87521]" name="ubarLogin" duration-ms="12087" started-at="2020-09-29T00:33:30 IST" data-provider="getData" finished-at="2020-09-29T00:33:42 IST">
          <params>
            <param index="0">
              <value>
                <![CDATA[{PassWord=aithentchn, rundata=Y, UserName=admin, e-Signature=a1234}]]>
              </value>
            </param>
          </params>
          <reporter-output>
            <line>
              <![CDATA[Login Billing starts....]]>
            </line>
            <line>
              <![CDATA[Entered the value 'admin' in field 'username-billing']]>
            </line>
            <line>
              <![CDATA[Entered the value 'aithentchn' in field 'password-billing']]>
            </line>
            <line>
              <![CDATA[Clicked the item: login-button-billing]]>
            </line>
          </reporter-output>
        </test-method> <!-- ubarLogin -->
        <test-method status="PASS" signature="verifyCPP(java.util.Hashtable)[pri:3, instance:NostGroup.NostArtifact.TestCases.UbarTest@3c87521]" name="verifyCPP" duration-ms="70131" started-at="2020-09-29T00:33:42 IST" data-provider="getData" finished-at="2020-09-29T00:34:52 IST">
          <params>
            <param index="0">
              <value>
                <![CDATA[{cpp-cdm-price-eff-to=30-Sep-2020, cpp-cdm-plan-search=, cpp-cdm-service-name=14-SEP-11-20-Drg-ed, cpp-payer-email=test@ncoup.com, cpp-cdm-service-price=230.0, cpp-cdm-service-results-search-bar=, cpp-cdm-service-frequency=, cpp-cdm-service-frequency-interval=, cpp-cdm-charge-basis=, cpp-attach-payer-search=Dummil-Test, cpp-account-name=12345Dummil, cpp-same-payerid=, cpp-account-no=Dummil-Test, cpp-payer-level=Primary, cpp-plan-search=14-SEP-11-20-PROT-ed, cpp-type-code=Study Team, cpp-cdm-price-eff-from=28-Sep-2020, cpp-payer-id=, cpp-cdm-payer-search=, cpp-cdm-pharmacy=}]]>
              </value>
            </param>
          </params>
          <reporter-output>
            <line>
              <![CDATA[Clicked the item: maintenance-billing-menu]]>
            </line>
            <line>
              <![CDATA[Clicked the item: cpp-menu]]>
            </line>
            <line>
              <![CDATA[Entered the value '14-SEP-11-20-PROT-ed' in field 'cpp-plan-search']]>
            </line>
            <line>
              <![CDATA[Clicked the item: cpp-search]]>
            </line>
            <line>
              <![CDATA[Plan '14-SEP-11-20-PROT-ed' integrated to CPP successfully]]>
            </line>
            <line>
              <![CDATA[Clicked the item: cpp-payer-search-icon]]>
            </line>
            <line>
              <![CDATA[Entered the value 'Dummil-Test' in field 'cpp-payer-search-result-search-bar']]>
            </line>
            <line>
              <![CDATA[Payer 'Dummil-Test' selected from existing Payer's list successfully]]>
            </line>
            <line>
              <![CDATA[Clicked the item: cpp-attach-payer]]>
            </line>
            <line>
              <![CDATA[Service '14-SEP-11-20-Drg-ed' not listed in CPP CDM]]>
            </line>
            <line>
              <![CDATA[Service '14-SEP-11-20-Drg-ed' found in CPP Services table]]>
            </line>
            <line>
              <![CDATA[Clicked the item: cpp-cdm-quantity-based]]>
            </line>
            <line>
              <![CDATA[Entered the value '230.0' in field 'cpp-cdm-service-price']]>
            </line>
            <line>
              <![CDATA[Clicked the item: cpp-cdm-save]]>
            </line>
            <line>
              <![CDATA[After CDM addition, CDM entry added successfully in CPP CDM]]>
            </line>
          </reporter-output>
        </test-method> <!-- verifyCPP -->
      </class> <!-- NostGroup.NostArtifact.TestCases.UbarTest -->
    </test> <!-- IDS UBAR Integration -->
  </suite> <!-- Nostradamus Suite -->
</testng-results>
