<?xml version="1.0" encoding="UTF-8"?>
<testng-results skipped="0" failed="1" ignored="0" total="2" passed="1">
  <reporter-output>
    <line>
      <![CDATA[Login Billing starts....]]>
    </line>
    <line>
      <![CDATA[Entered the value 'admin' in field 'username-billing']]>
    </line>
    <line>
      <![CDATA[Entered the value 'aithentchn' in field 'password-billing']]>
    </line>
    <line>
      <![CDATA[Clicked the item: login-button-billing]]>
    </line>
    <line>
      <![CDATA[Clicked the item: maintenance-billing-menu]]>
    </line>
    <line>
      <![CDATA[Clicked the item: cpp-menu]]>
    </line>
    <line>
      <![CDATA[Entered the value '28-SEP-01-20-PROT' in field 'cpp-plan-search']]>
    </line>
    <line>
      <![CDATA[Clicked the item: cpp-search]]>
    </line>
    <line>
      <![CDATA[Plan '28-SEP-01-20-PROT' integrated to CPP successfully]]>
    </line>
    <line>
      <![CDATA[Clicked the item: cpp-payer-search-icon]]>
    </line>
    <line>
      <![CDATA[Entered the value '01-JUN-Payer-IDS' in field 'cpp-attach-payer-search']]>
    </line>
    <line>
      <![CDATA[Clicked the item: cpp-add-new-payer-search]]>
    </line>
    <line>
      <![CDATA[Payer '01-JUN-Payer-IDS' selected from existing Payer's list successfully]]>
    </line>
    <line>
      <![CDATA[Clicked the item: cpp-attach-payer]]>
    </line>
    <line>
      <![CDATA[Service '28-SEP-01-20-Drg' not listed in CPP CDM]]>
    </line>
    <line>
      <![CDATA[Service '28-SEP-01-20-Drg' found in CPP Services table]]>
    </line>
    <line>
      <![CDATA[Clicked the item: cpp-cdm-quantity-based]]>
    </line>
    <line>
      <![CDATA[Entered the value '230.0' in field 'cpp-cdm-service-price']]>
    </line>
    <line>
      <![CDATA[Clicked the item: cpp-cdm-save]]>
    </line>
    <line>
      <![CDATA[After CDM addition, CDM entry '28-SEP-01-20-Drg' not listed in CPP CDM]]>
    </line>
    <line>
      <![CDATA[<br>verifyCPP: Failed]]>
    </line>
    <line>
      <![CDATA[<br>]]>
    </line>
    <line>
      <![CDATA[<a target="_blank" href="D:\Jagan\NostAuto\NostCore\NostArtifact\Screenshots\Screenshot_Mon_Sep_28_12_13_32_IST_2020.jpg">ScreenShot</a>]]>
    </line>
    <line>
      <![CDATA[<br>]]>
    </line>
  </reporter-output>
  <suite name="Nostradamus Suite" duration-ms="66071" started-at="2020-09-28T12:12:27 IST" finished-at="2020-09-28T12:13:33 IST">
    <groups>
    </groups>
    <test name="IDS UBAR Integration" duration-ms="66071" started-at="2020-09-28T12:12:27 IST" finished-at="2020-09-28T12:13:33 IST">
      <class name="NostGroup.NostArtifact.TestCases.UbarTest">
        <test-method status="PASS" signature="browserLaunch()[pri:0, instance:NostGroup.NostArtifact.TestCases.UbarTest@3c87521]" name="browserLaunch" is-config="true" duration-ms="6395" started-at="2020-09-28T12:12:20 IST" finished-at="2020-09-28T12:12:27 IST">
          <reporter-output>
          </reporter-output>
        </test-method> <!-- browserLaunch -->
        <test-method status="PASS" signature="ubarLogin(java.util.Hashtable)[pri:1, instance:NostGroup.NostArtifact.TestCases.UbarTest@3c87521]" name="ubarLogin" duration-ms="8969" started-at="2020-09-28T12:12:28 IST" data-provider="getData" finished-at="2020-09-28T12:12:37 IST">
          <params>
            <param index="0">
              <value>
                <![CDATA[{PassWord=aithentchn, rundata=Y, UserName=admin, e-Signature=a1234}]]>
              </value>
            </param>
          </params>
          <reporter-output>
            <line>
              <![CDATA[Login Billing starts....]]>
            </line>
            <line>
              <![CDATA[Entered the value 'admin' in field 'username-billing']]>
            </line>
            <line>
              <![CDATA[Entered the value 'aithentchn' in field 'password-billing']]>
            </line>
            <line>
              <![CDATA[Clicked the item: login-button-billing]]>
            </line>
          </reporter-output>
        </test-method> <!-- ubarLogin -->
        <test-method status="FAIL" signature="verifyCPP(java.util.Hashtable)[pri:3, instance:NostGroup.NostArtifact.TestCases.UbarTest@3c87521]" name="verifyCPP" duration-ms="52063" started-at="2020-09-28T12:12:37 IST" data-provider="getData" finished-at="2020-09-28T12:13:29 IST">
          <params>
            <param index="0">
              <value>
                <![CDATA[{cpp-cdm-price-eff-to=09/28/2020, cpp-cdm-plan-search=, cpp-cdm-service-name=28-SEP-01-20-Drg, cpp-payer-email=test@ncoup.com, cpp-cdm-service-price=230.0, cpp-cdm-service-results-search-bar=, cpp-cdm-service-frequency=, cpp-cdm-service-frequency-interval=, cpp-cdm-charge-basis=, cpp-attach-payer-search=01-JUN-Payer-IDS, cpp-account-name=12345Name, cpp-same-payerid=, cpp-account-no=01-JUN-Payer-Name, cpp-payer-level=Primary, cpp-plan-search=28-SEP-01-20-PROT, cpp-type-code=Study Team, cpp-cdm-price-eff-from=09/28/2020, cpp-payer-id=, cpp-cdm-payer-search=, cpp-cdm-pharmacy=}]]>
              </value>
            </param>
          </params>
          <exception class="java.lang.AssertionError">
            <message>
              <![CDATA[CDM addition failed in CPP CDM]]>
            </message>
            <full-stacktrace>
              <![CDATA[java.lang.AssertionError: CDM addition failed in CPP CDM
at org.testng.Assert.fail(Assert.java:97)
at NostGroup.NostArtifact.Billing.CPP.cppAdd(CPP.java:557)
at NostGroup.NostArtifact.TestCases.UbarTest.verifyCPP(UbarTest.java:44)
at sun.reflect.NativeMethodAccessorImpl.invoke0(Native Method)
at sun.reflect.NativeMethodAccessorImpl.invoke(NativeMethodAccessorImpl.java:62)
at sun.reflect.DelegatingMethodAccessorImpl.invoke(DelegatingMethodAccessorImpl.java:43)
at java.lang.reflect.Method.invoke(Method.java:498)
at org.testng.internal.MethodInvocationHelper.invokeMethod(MethodInvocationHelper.java:134)
at org.testng.internal.TestInvoker.invokeMethod(TestInvoker.java:597)
at org.testng.internal.TestInvoker.invokeTestMethod(TestInvoker.java:173)
at org.testng.internal.MethodRunner.runInSequence(MethodRunner.java:46)
at org.testng.internal.TestInvoker$MethodInvocationAgent.invoke(TestInvoker.java:816)
at org.testng.internal.TestInvoker.invokeTestMethods(TestInvoker.java:146)
at org.testng.internal.TestMethodWorker.invokeTestMethods(TestMethodWorker.java:146)
at org.testng.internal.TestMethodWorker.run(TestMethodWorker.java:128)
at java.util.ArrayList.forEach(ArrayList.java:1249)
at org.testng.TestRunner.privateRun(TestRunner.java:766)
at org.testng.TestRunner.run(TestRunner.java:587)
at org.testng.SuiteRunner.runTest(SuiteRunner.java:384)
at org.testng.SuiteRunner.runSequentially(SuiteRunner.java:378)
at org.testng.SuiteRunner.privateRun(SuiteRunner.java:337)
at org.testng.SuiteRunner.run(SuiteRunner.java:286)
at org.testng.SuiteRunnerWorker.runSuite(SuiteRunnerWorker.java:53)
at org.testng.SuiteRunnerWorker.run(SuiteRunnerWorker.java:96)
at org.testng.TestNG.runSuitesSequentially(TestNG.java:1187)
at org.testng.TestNG.runSuitesLocally(TestNG.java:1109)
at org.testng.TestNG.runSuites(TestNG.java:1039)
at org.testng.TestNG.run(TestNG.java:1007)
at org.testng.remote.AbstractRemoteTestNG.run(AbstractRemoteTestNG.java:115)
at org.testng.remote.RemoteTestNG.initAndRun(RemoteTestNG.java:251)
at org.testng.remote.RemoteTestNG.main(RemoteTestNG.java:77)
]]>
            </full-stacktrace>
          </exception> <!-- java.lang.AssertionError -->
          <reporter-output>
            <line>
              <![CDATA[Clicked the item: maintenance-billing-menu]]>
            </line>
            <line>
              <![CDATA[Clicked the item: cpp-menu]]>
            </line>
            <line>
              <![CDATA[Entered the value '28-SEP-01-20-PROT' in field 'cpp-plan-search']]>
            </line>
            <line>
              <![CDATA[Clicked the item: cpp-search]]>
            </line>
            <line>
              <![CDATA[Plan '28-SEP-01-20-PROT' integrated to CPP successfully]]>
            </line>
            <line>
              <![CDATA[Clicked the item: cpp-payer-search-icon]]>
            </line>
            <line>
              <![CDATA[Entered the value '01-JUN-Payer-IDS' in field 'cpp-attach-payer-search']]>
            </line>
            <line>
              <![CDATA[Clicked the item: cpp-add-new-payer-search]]>
            </line>
            <line>
              <![CDATA[Payer '01-JUN-Payer-IDS' selected from existing Payer's list successfully]]>
            </line>
            <line>
              <![CDATA[Clicked the item: cpp-attach-payer]]>
            </line>
            <line>
              <![CDATA[Service '28-SEP-01-20-Drg' not listed in CPP CDM]]>
            </line>
            <line>
              <![CDATA[Service '28-SEP-01-20-Drg' found in CPP Services table]]>
            </line>
            <line>
              <![CDATA[Clicked the item: cpp-cdm-quantity-based]]>
            </line>
            <line>
              <![CDATA[Entered the value '230.0' in field 'cpp-cdm-service-price']]>
            </line>
            <line>
              <![CDATA[Clicked the item: cpp-cdm-save]]>
            </line>
            <line>
              <![CDATA[After CDM addition, CDM entry '28-SEP-01-20-Drg' not listed in CPP CDM]]>
            </line>
            <line>
              <![CDATA[<br>verifyCPP: Failed]]>
            </line>
            <line>
              <![CDATA[<br>]]>
            </line>
            <line>
              <![CDATA[<a target="_blank" href="D:\Jagan\NostAuto\NostCore\NostArtifact\Screenshots\Screenshot_Mon_Sep_28_12_13_32_IST_2020.jpg">ScreenShot</a>]]>
            </line>
            <line>
              <![CDATA[<br>]]>
            </line>
          </reporter-output>
        </test-method> <!-- verifyCPP -->
      </class> <!-- NostGroup.NostArtifact.TestCases.UbarTest -->
    </test> <!-- IDS UBAR Integration -->
  </suite> <!-- Nostradamus Suite -->
</testng-results>
