<?xml version="1.0" encoding="UTF-8"?>
<testng-results skipped="0" failed="0" ignored="0" total="6" passed="6">
  <reporter-output>
    <line>
      <![CDATA[Starting to Login....]]>
    </line>
    <line>
      <![CDATA[Entered the value 'admin' in field 'username']]>
    </line>
    <line>
      <![CDATA[Entered the value 'Velos321' in field 'password']]>
    </line>
    <line>
      <![CDATA[Clicked the item: login-button]]>
    </line>
    <line>
      <![CDATA[Clicked the item: protocol]]>
    </line>
    <line>
      <![CDATA[Clicked the item: add-protocol]]>
    </line>
    <line>
      <![CDATA[Entered the value '16-JUN-3-20-PROT' in field 'protocol-id']]>
    </line>
    <line>
      <![CDATA[Entered the value '16-JUN-3-20-PROT-Title' in field 'protocol-title']]>
    </line>
    <line>
      <![CDATA[Selected the value 'CNPE in field 'protocol-status']]>
    </line>
    <line>
      <![CDATA[Selected the value 'Active in field 'pharmacy-status']]>
    </line>
    <line>
      <![CDATA[Entered the value '16-JUN-3-20-PROT-SPID' in field 'sponsor-protocol-id']]>
    </line>
    <line>
      <![CDATA[Entered the value '16-JUN-3-20-PROT-SP' in field 'protocol-sponsor']]>
    </line>
    <line>
      <![CDATA[Entered the value 'STN002' in field 'site-number']]>
    </line>
    <line>
      <![CDATA[Selected the value 'Phase 2 in field 'protocol-phase']]>
    </line>
    <line>
      <![CDATA[Selected the value 'Leukemia in field 'disease-program']]>
    </line>
    <line>
      <![CDATA[Selected the value 'Both in field 'service']]>
    </line>
    <line>
      <![CDATA[Selected the value 'Industry in field 'study-source']]>
    </line>
    <line>
      <![CDATA[Selected the value 'Open label in field 'protocol-type']]>
    </line>
    <line>
      <![CDATA[Entered the value 'IRB-Z001' in field 'internal-irb']]>
    </line>
    <line>
      <![CDATA[Entered the value 'EIRB-Z100' in field 'external-irb']]>
    </line>
    <line>
      <![CDATA[Selected the value 'Genetics in field 'protocol-category']]>
    </line>
    <line>
      <![CDATA[Clicked the item: staff]]>
    </line>
    <line>
      <![CDATA[Entered the value 'nCoup-PI-FN' in field 'pi-first-name']]>
    </line>
    <line>
      <![CDATA[Entered the value 'nCoup-PI-LN' in field 'pi-last-name']]>
    </line>
    <line>
      <![CDATA[Entered the value 'Inv-ID-01' in field 'investigator-id']]>
    </line>
    <line>
      <![CDATA[Entered the value '10-10-2020' in field 'id-expiration']]>
    </line>
    <line>
      <![CDATA[Entered the value 'Opt-Ins-nCoup' in field 'opt-pi-institution']]>
    </line>
    <line>
      <![CDATA[Entered the value 'Op-Ins-FN' in field 'opt-pi-first-name']]>
    </line>
    <line>
      <![CDATA[Entered the value 'OP-Ins-LN' in field 'opt-pi-last-name']]>
    </line>
    <line>
      <![CDATA[Entered the value 'Op-Inv-ID-02' in field 'opt-investigator-id']]>
    </line>
    <line>
      <![CDATA[Entered the value '10-10-2020' in field 'opt-id-expiration']]>
    </line>
    <line>
      <![CDATA[Entered the value 'Study contact comments' in field 'study-contact']]>
    </line>
    <line>
      <![CDATA[Clicked the item: key-dates]]>
    </line>
    <line>
      <![CDATA[Entered the value '04-01-2020' in field 'protocol-phase-start-date']]>
    </line>
    <line>
      <![CDATA[Entered the value '05-01-2020' in field 'closed-to-new-patients']]>
    </line>
    <line>
      <![CDATA[Entered the value '06-01-2020' in field 'protocol-closure-date']]>
    </line>
    <line>
      <![CDATA[Entered the value 'Protocol Study completed' in field 'reason-for-closure']]>
    </line>
    <line>
      <![CDATA[Entered the value '06-10-2020' in field 'protocol-completion-date']]>
    </line>
    <line>
      <![CDATA[Clicked the item: notifications]]>
    </line>
    <line>
      <![CDATA[Entered the value 'Receive Notifications' in field 'not-receive']]>
    </line>
    <line>
      <![CDATA[Entered the value 'Transfer Notifications' in field 'not-transfer']]>
    </line>
    <line>
      <![CDATA[Entered the value 'Dispense Notifications' in field 'not-dispense']]>
    </line>
    <line>
      <![CDATA[Entered the value 'Destroy Notifications' in field 'not-destroy']]>
    </line>
    <line>
      <![CDATA[Entered the value 'Return Notifications' in field 'not-return']]>
    </line>
    <line>
      <![CDATA[Entered the value 'a1234' in field 'protocol-esign']]>
    </line>
    <line>
      <![CDATA[Clicked the item: protocol-submit]]>
    </line>
    <line>
      <![CDATA[Clicked the item: organization]]>
    </line>
    <line>
      <![CDATA[Selected the value 'Pharmacy in field 'organization-selection']]>
    </line>
    <line>
      <![CDATA[Clicked the item: add-new-pharmacy]]>
    </line>
    <line>
      <![CDATA[Entered the value '16-JUN-3-20-Pharm1-C' in field 'pharmacy-name']]>
    </line>
    <line>
      <![CDATA[ Input is Yes for the field 'grant-control-rights' and Checkbox is unchecked by default, now checked/ticked successfully]]>
    </line>
    <line>
      <![CDATA[Selected the value 'Control in field 'nci-record']]>
    </line>
    <line>
      <![CDATA[Selected the value 'Refrigerator in field 'storage-condition1']]>
    </line>
    <line>
      <![CDATA[Entered the value 'Location 1' in field 'storage-location1']]>
    </line>
    <line>
      <![CDATA['disable-dispense-par-level1' is checked/ticked by default]]>
    </line>
    <line>
      <![CDATA[Selected the value 'Room Temperature in field 'storage-condition2']]>
    </line>
    <line>
      <![CDATA[Entered the value 'Location 2' in field 'storage-location2']]>
    </line>
    <line>
      <![CDATA['disable-dispense-par-level2' is checked/ticked by default]]>
    </line>
    <line>
      <![CDATA[Selected the value 'Refrigerated in field 'storage-condition3']]>
    </line>
    <line>
      <![CDATA[Entered the value 'Location 3' in field 'storage-location3']]>
    </line>
    <line>
      <![CDATA['disable-dispense-par-level3' is checked/ticked by default]]>
    </line>
    <line>
      <![CDATA[Selected the value 'Freezer -20 in field 'storage-condition4']]>
    </line>
    <line>
      <![CDATA[Entered the value 'Location 4' in field 'storage-location4']]>
    </line>
    <line>
      <![CDATA[ Input is Yes for the field 'disable-dispense-par-level4' and Checkbox is unchecked by default, now checked/ticked successfully]]>
    </line>
    <line>
      <![CDATA[Clicked the item: pharmacy-address]]>
    </line>
    <line>
      <![CDATA[Entered the value '11.0' in field 'pharmacy-address-1']]>
    </line>
    <line>
      <![CDATA[Entered the value 'nCoup Street' in field 'pharmacy-address-2']]>
    </line>
    <line>
      <![CDATA[Entered the value 'nCoup City' in field 'pharmacy-city']]>
    </line>
    <line>
      <![CDATA[Entered the value 'nCoup State' in field 'pharmacy-state']]>
    </line>
    <line>
      <![CDATA[Entered the value '1234567.0' in field 'pharmacy-zip-postalcode']]>
    </line>
    <line>
      <![CDATA[Entered the value '098-098-0987' in field 'pharmacy-phone']]>
    </line>
    <line>
      <![CDATA[Entered the value 'nCoup Control pharmacy QA' in field 'pharmacy-name-label-name']]>
    </line>
    <line>
      <![CDATA[Entered the value 'DEA234' in field 'pharmacy-dea']]>
    </line>
    <line>
      <![CDATA[Entered the value 'a1234' in field 'pharmacy-esign']]>
    </line>
    <line>
      <![CDATA[Clicked the item: pharmacy-submit]]>
    </line>
    <line>
      <![CDATA[Clicked the item: organization]]>
    </line>
    <line>
      <![CDATA[Selected the value 'Supplier in field 'organization-selection']]>
    </line>
    <line>
      <![CDATA[Clicked the item: supplier-add]]>
    </line>
    <line>
      <![CDATA[Entered the value '16-JUN-3-Supplier-1' in field 'supplier-name']]>
    </line>
    <line>
      <![CDATA[Clicked the item: add-more-supplier1]]>
    </line>
    <line>
      <![CDATA[Entered the value '16-JUN-3-Supplier-2' in field 'supplier-name-1']]>
    </line>
    <line>
      <![CDATA[Clicked the item: add-more-supplier2]]>
    </line>
    <line>
      <![CDATA[Entered the value '16-JUN-3-Supplier-3' in field 'supplier-name-2']]>
    </line>
    <line>
      <![CDATA[Entered the value 'a1234' in field 'supplier-esign']]>
    </line>
    <line>
      <![CDATA[Clicked the item: supplier-submit]]>
    </line>
    <line>
      <![CDATA[Clicked the item: add-drug]]>
    </line>
    <line>
      <![CDATA[Entered the value '16-JUN-3-20-Drg-Unit' in field 'drug-name']]>
    </line>
    <line>
      <![CDATA[Selected the value 'Strength in field 'track-by']]>
    </line>
    <line>
      <![CDATA[Entered the value '22.22' in field 'strength-concentration']]>
    </line>
    <line>
      <![CDATA[Selected the value 'mEq in field 'unit-of-measure']]>
    </line>
    <line>
      <![CDATA[Selected the value 'Enema in field 'formulation']]>
    </line>
    <line>
      <![CDATA[Entered the value '16-JUN-3-20-Drg-dl1' in field 'drug-label-name']]>
    </line>
    <line>
      <![CDATA[Entered the value '16-JUN-3-20-Drg-id1' in field 'drug-id']]>
    </line>
    <line>
      <![CDATA[Entered the value '16-JUN-3-20-Drg-nsc1' in field 'drug-nsc']]>
    </line>
    <line>
      <![CDATA[Entered the value '16-JUN-3-20-Drg-adn1' in field 'alternative-drug-name']]>
    </line>
    <line>
      <![CDATA[Clicked the item: set-defaults]]>
    </line>
    <line>
      <![CDATA['patient-specific-drug' is checked/ticked by default]]>
    </line>
    <line>
      <![CDATA[ Input is Yes for the field 'ivrs' and Checkbox is unchecked by default, now checked/ticked successfully]]>
    </line>
    <line>
      <![CDATA[Selected the value 'Yes in field 'to-be-linked']]>
    </line>
    <line>
      <![CDATA[Selected the value 'Unit in field 'level-of-accountability']]>
    </line>
    <line>
      <![CDATA[Selected the value 'Tube in field 'unit-type']]>
    </line>
    <line>
      <![CDATA[Entered the value '48.0' in field 'qty-per-unit']]>
    </line>
    <line>
      <![CDATA[Entered the value '16-JUN-3-Supplier-1' in field 'catalog-supplier-name']]>
    </line>
    <line>
      <![CDATA[Selected the value 'Refrigerator in field 'storage-condition']]>
    </line>
    <line>
      <![CDATA[Selected the value '16-JUN-3-20-Pharm1-C in field 'pharmacy']]>
    </line>
    <line>
      <![CDATA[Selected the value 'Location 1 in field 'storage-location']]>
    </line>
    <line>
      <![CDATA[Selected the value 'twice daily in field 'frequency']]>
    </line>
    <line>
      <![CDATA[Entered the value 'Take with water of 8oz, before food' in field 'dose-on-label']]>
    </line>
    <line>
      <![CDATA[Selected the value 'Standard (w/ Lab) in field 'label-template']]>
    </line>
    <line>
      <![CDATA[Entered the value '10.0' in field 'day-supply']]>
    </line>
    <line>
      <![CDATA[Selected the value 'Take With Food in field 'aux-label1']]>
    </line>
    <line>
      <![CDATA[Selected the value 'Shake Well in field 'aux-label2']]>
    </line>
    <line>
      <![CDATA[Selected the value 'Refrigerate in field 'aux-label3']]>
    </line>
    <line>
      <![CDATA[Selected the value 'Chemotherapy Drug in field 'aux-label4']]>
    </line>
    <line>
      <![CDATA[Clicked the item: add-lab-criteria]]>
    </line>
    <line>
      <![CDATA[Entered the value '2.0' in field 'anc']]>
    </line>
    <line>
      <![CDATA[Entered the value '3.0' in field 'plt']]>
    </line>
    <line>
      <![CDATA[Entered the value '4.0' in field 'hemoglobin']]>
    </line>
    <line>
      <![CDATA[Entered the value '5.0' in field 'dipstick']]>
    </line>
    <line>
      <![CDATA[Entered the value '6.0' in field '24-hour-collection']]>
    </line>
    <line>
      <![CDATA[Entered the value '7.0' in field 'upc-ratio']]>
    </line>
    <line>
      <![CDATA[Entered the value 'Other 1' in field 'other1']]>
    </line>
    <line>
      <![CDATA[Entered the value 'Other 2' in field 'other2']]>
    </line>
    <line>
      <![CDATA[Entered the value 'Other 3' in field 'other3']]>
    </line>
    <line>
      <![CDATA[Entered the value '11.0' in field 'serum-creatinine']]>
    </line>
    <line>
      <![CDATA[Entered the value '12.0' in field 'bili-rubin-t-bili']]>
    </line>
    <line>
      <![CDATA[Entered the value '13.0' in field 'asg-sgot']]>
    </line>
    <line>
      <![CDATA[Entered the value '14.0' in field 'alt-sgpt']]>
    </line>
    <line>
      <![CDATA[Clicked the item: add-drug]]>
    </line>
    <line>
      <![CDATA[Entered the value '16-JUN-3-20-PROT' in field 'cat-prot-sear']]>
    </line>
    <line>
      <![CDATA[Clicked the item: cat-prot-sear-ok]]>
    </line>
    <line>
      <![CDATA[Entered the value 'a1234' in field 'catalog-esign']]>
    </line>
    <line>
      <![CDATA[Clicked the item: catalog-submit]]>
    </line>
    <line>
      <![CDATA[Clicked the item: patient-menu]]>
    </line>
    <line>
      <![CDATA[Clicked the item: add-patient-to-protocol]]>
    </line>
    <line>
      <![CDATA[Entered the value '16-JUN-3-20-PAT1-1' in field 'patient-mrn']]>
    </line>
    <line>
      <![CDATA[Entered the value '16-JUN-3-20-FN' in field 'patient-first-name']]>
    </line>
    <line>
      <![CDATA[Entered the value '16-JUN-3-20-LN' in field 'patient-last-name']]>
    </line>
    <line>
      <![CDATA[Selected the value 'Female in field 'patient-gender']]>
    </line>
    <line>
      <![CDATA[Entered the value '11-10-1999' in field 'patient-dob']]>
    </line>
    <line>
      <![CDATA[Selected the value 'Active in field 'patient-status']]>
    </line>
    <line>
      <![CDATA[Entered the value '16-JUN-3-20-PROT' in field 'patient-protocol-id']]>
    </line>
    <line>
      <![CDATA[Entered the value '16-JUN-3-20-PAT1-STY' in field 'patient-study-id']]>
    </line>
    <line>
      <![CDATA[Entered the value '39.87' in field 'cohort-dose-level']]>
    </line>
    <line>
      <![CDATA[Clicked the item: add-contact-info]]>
    </line>
    <line>
      <![CDATA[Entered the value '11.0' in field 'address-1']]>
    </line>
    <line>
      <![CDATA[Entered the value '2nd Street' in field 'address-2']]>
    </line>
    <line>
      <![CDATA[Entered the value 'Chennai' in field 'city']]>
    </line>
    <line>
      <![CDATA[Entered the value 'Tamil Nadu' in field 'state']]>
    </line>
    <line>
      <![CDATA[Entered the value '123456.0' in field 'zip-postal-code']]>
    </line>
    <line>
      <![CDATA[Entered the value 'India' in field 'country']]>
    </line>
    <line>
      <![CDATA[Entered the value '098-098-978765' in field 'home-phone']]>
    </line>
    <line>
      <![CDATA[Entered the value '7297932-899' in field 'work-phone']]>
    </line>
    <line>
      <![CDATA[Entered the value 'ncoup@ncoup.com' in field 'email']]>
    </line>
    <line>
      <![CDATA[Entered the value 'PID-002' in field 'pid']]>
    </line>
    <line>
      <![CDATA[Entered the value 'a1234' in field 'patient-esgin']]>
    </line>
    <line>
      <![CDATA[Clicked the item: patient-submit]]>
    </line>
  </reporter-output>
  <suite name="Suite" duration-ms="125945" started-at="2020-06-16T21:28:37 IST" finished-at="2020-06-16T21:30:43 IST">
    <groups>
    </groups>
    <test name="Maintenance Creation" duration-ms="125945" started-at="2020-06-16T21:28:37 IST" finished-at="2020-06-16T21:30:43 IST">
      <class name="NostGroup.NostArtifact.TestCases.Mainte_Creation">
        <test-method status="PASS" signature="browserLaunch()[pri:0, instance:NostGroup.NostArtifact.TestCases.Mainte_Creation@3c87521]" name="browserLaunch" is-config="true" duration-ms="14425" started-at="2020-06-16T21:28:23 IST" finished-at="2020-06-16T21:28:37 IST">
          <reporter-output>
          </reporter-output>
        </test-method> <!-- browserLaunch -->
        <test-method status="PASS" signature="nostLogin(java.util.Hashtable)[pri:1, instance:NostGroup.NostArtifact.TestCases.Mainte_Creation@3c87521]" name="nostLogin" duration-ms="5752" started-at="2020-06-16T21:28:40 IST" data-provider="getData" finished-at="2020-06-16T21:28:46 IST">
          <params>
            <param index="0">
              <value>
                <![CDATA[{PassWord=Velos321, rundata=Y, UserName=admin, e-Signature=a1234}]]>
              </value>
            </param>
          </params>
          <reporter-output>
            <line>
              <![CDATA[Starting to Login....]]>
            </line>
            <line>
              <![CDATA[Entered the value 'admin' in field 'username']]>
            </line>
            <line>
              <![CDATA[Entered the value 'Velos321' in field 'password']]>
            </line>
            <line>
              <![CDATA[Clicked the item: login-button]]>
            </line>
          </reporter-output>
        </test-method> <!-- nostLogin -->
        <test-method status="PASS" signature="addProtocol(java.util.Hashtable)[pri:2, instance:NostGroup.NostArtifact.TestCases.Mainte_Creation@3c87521]" name="addProtocol" duration-ms="25037" started-at="2020-06-16T21:28:47 IST" data-provider="getData" finished-at="2020-06-16T21:29:12 IST">
          <params>
            <param index="0">
              <value>
                <![CDATA[{Service=Both, OP_Investigator_ID=Op-Inv-ID-02, Protocol_Phase_Start_Date=04-01-2020, Site_Number=STN002, Investigator_ID=Inv-ID-01, ID_Expiration=10-10-2020, OP_PI_Last_Name=OP-Ins-LN, Closed_to_New_Patients=05-01-2020, Description=TestLink-1, Protocol_Title=16-JUN-3-20-PROT-Title, Protocol_Category=Genetics, Optional_PI_Institution=Opt-Ins-nCoup, Sponsor_Protocol_ID=16-JUN-3-20-PROT-SPID, Protocol_Completion_Date=06-10-2020, External_IRB#=EIRB-Z100, Noti_Return=Return Notifications, PI_First_Name=nCoup-PI-FN, Protocol_Sponsor=16-JUN-3-20-PROT-SP, Protocol_Status=CNPE, esignature=a1234, Noti_Transfer=Transfer Notifications, Noti_Destroy=Destroy Notifications, Drug(s)_and_Kit(s)=, OP_PI_First_Name=Op-Ins-FN, Category=Protocol Data Sheet, Protocol_Closure_Date=06-01-2020, Noti_Receive=Receive Notifications, Study_Contact=Study contact comments, Protocol_ID=16-JUN-3-20-PROT, Version=v1.1, Internal_IRB#=IRB-Z001, Noti_Dispense=Dispense Notifications, Reason_for_Closure=Protocol Study completed, Disease_Program=Leukemia, Type=Link, Study_Source=Industry, Protocol_Phase=Phase 2, Pharmacy_Status=Active, Protocol_Type=Open label, PI_Last_Name=nCoup-PI-LN}]]>
              </value>
            </param>
          </params>
          <reporter-output>
            <line>
              <![CDATA[Clicked the item: protocol]]>
            </line>
            <line>
              <![CDATA[Clicked the item: add-protocol]]>
            </line>
            <line>
              <![CDATA[Entered the value '16-JUN-3-20-PROT' in field 'protocol-id']]>
            </line>
            <line>
              <![CDATA[Entered the value '16-JUN-3-20-PROT-Title' in field 'protocol-title']]>
            </line>
            <line>
              <![CDATA[Selected the value 'CNPE in field 'protocol-status']]>
            </line>
            <line>
              <![CDATA[Selected the value 'Active in field 'pharmacy-status']]>
            </line>
            <line>
              <![CDATA[Entered the value '16-JUN-3-20-PROT-SPID' in field 'sponsor-protocol-id']]>
            </line>
            <line>
              <![CDATA[Entered the value '16-JUN-3-20-PROT-SP' in field 'protocol-sponsor']]>
            </line>
            <line>
              <![CDATA[Entered the value 'STN002' in field 'site-number']]>
            </line>
            <line>
              <![CDATA[Selected the value 'Phase 2 in field 'protocol-phase']]>
            </line>
            <line>
              <![CDATA[Selected the value 'Leukemia in field 'disease-program']]>
            </line>
            <line>
              <![CDATA[Selected the value 'Both in field 'service']]>
            </line>
            <line>
              <![CDATA[Selected the value 'Industry in field 'study-source']]>
            </line>
            <line>
              <![CDATA[Selected the value 'Open label in field 'protocol-type']]>
            </line>
            <line>
              <![CDATA[Entered the value 'IRB-Z001' in field 'internal-irb']]>
            </line>
            <line>
              <![CDATA[Entered the value 'EIRB-Z100' in field 'external-irb']]>
            </line>
            <line>
              <![CDATA[Selected the value 'Genetics in field 'protocol-category']]>
            </line>
            <line>
              <![CDATA[Clicked the item: staff]]>
            </line>
            <line>
              <![CDATA[Entered the value 'nCoup-PI-FN' in field 'pi-first-name']]>
            </line>
            <line>
              <![CDATA[Entered the value 'nCoup-PI-LN' in field 'pi-last-name']]>
            </line>
            <line>
              <![CDATA[Entered the value 'Inv-ID-01' in field 'investigator-id']]>
            </line>
            <line>
              <![CDATA[Entered the value '10-10-2020' in field 'id-expiration']]>
            </line>
            <line>
              <![CDATA[Entered the value 'Opt-Ins-nCoup' in field 'opt-pi-institution']]>
            </line>
            <line>
              <![CDATA[Entered the value 'Op-Ins-FN' in field 'opt-pi-first-name']]>
            </line>
            <line>
              <![CDATA[Entered the value 'OP-Ins-LN' in field 'opt-pi-last-name']]>
            </line>
            <line>
              <![CDATA[Entered the value 'Op-Inv-ID-02' in field 'opt-investigator-id']]>
            </line>
            <line>
              <![CDATA[Entered the value '10-10-2020' in field 'opt-id-expiration']]>
            </line>
            <line>
              <![CDATA[Entered the value 'Study contact comments' in field 'study-contact']]>
            </line>
            <line>
              <![CDATA[Clicked the item: key-dates]]>
            </line>
            <line>
              <![CDATA[Entered the value '04-01-2020' in field 'protocol-phase-start-date']]>
            </line>
            <line>
              <![CDATA[Entered the value '05-01-2020' in field 'closed-to-new-patients']]>
            </line>
            <line>
              <![CDATA[Entered the value '06-01-2020' in field 'protocol-closure-date']]>
            </line>
            <line>
              <![CDATA[Entered the value 'Protocol Study completed' in field 'reason-for-closure']]>
            </line>
            <line>
              <![CDATA[Entered the value '06-10-2020' in field 'protocol-completion-date']]>
            </line>
            <line>
              <![CDATA[Clicked the item: notifications]]>
            </line>
            <line>
              <![CDATA[Entered the value 'Receive Notifications' in field 'not-receive']]>
            </line>
            <line>
              <![CDATA[Entered the value 'Transfer Notifications' in field 'not-transfer']]>
            </line>
            <line>
              <![CDATA[Entered the value 'Dispense Notifications' in field 'not-dispense']]>
            </line>
            <line>
              <![CDATA[Entered the value 'Destroy Notifications' in field 'not-destroy']]>
            </line>
            <line>
              <![CDATA[Entered the value 'Return Notifications' in field 'not-return']]>
            </line>
            <line>
              <![CDATA[Entered the value 'a1234' in field 'protocol-esign']]>
            </line>
            <line>
              <![CDATA[Clicked the item: protocol-submit]]>
            </line>
          </reporter-output>
        </test-method> <!-- addProtocol -->
        <test-method status="PASS" signature="addPharmacy(java.util.Hashtable)[pri:3, instance:NostGroup.NostArtifact.TestCases.Mainte_Creation@3c87521]" name="addPharmacy" duration-ms="15625" started-at="2020-06-16T21:29:13 IST" data-provider="getData" finished-at="2020-06-16T21:29:28 IST">
          <params>
            <param index="0">
              <value>
                <![CDATA[{NCI_Record=Control, Grant_Control_Rights?=Yes, Disable_Dispensing/Par_Level_4=Yes, Disable_Dispensing/Par_Level_3=No, Disable_Dispensing/Par_Level_2=No, Disable_Dispensing/Par_Level_1=No, esignature=a1234, Zip/PostalCode=1234567.0, State=nCoup State, Phone=098-098-0987, Address_2=nCoup Street, Storage_Location_4=Location 4, Address_1=11.0, Storage_Location_3=Location 3, Storage_Location_2=Location 2, Pharmacy_Name=16-JUN-3-20-Pharm1-C, Storage_Location_1=Location 1, Organization=Pharmacy, Storage_Condition_4=Freezer -20, Storage_Condition_3=Refrigerated, Storage_Condition_2=Room Temperature, DEA=DEA234, Storage_Condition_1=Refrigerator, Pharmacy's_Name_for_Patient_Label=nCoup Control pharmacy QA, City=nCoup City}]]>
              </value>
            </param>
          </params>
          <reporter-output>
            <line>
              <![CDATA[Clicked the item: organization]]>
            </line>
            <line>
              <![CDATA[Selected the value 'Pharmacy in field 'organization-selection']]>
            </line>
            <line>
              <![CDATA[Clicked the item: add-new-pharmacy]]>
            </line>
            <line>
              <![CDATA[Entered the value '16-JUN-3-20-Pharm1-C' in field 'pharmacy-name']]>
            </line>
            <line>
              <![CDATA[ Input is Yes for the field 'grant-control-rights' and Checkbox is unchecked by default, now checked/ticked successfully]]>
            </line>
            <line>
              <![CDATA[Selected the value 'Control in field 'nci-record']]>
            </line>
            <line>
              <![CDATA[Selected the value 'Refrigerator in field 'storage-condition1']]>
            </line>
            <line>
              <![CDATA[Entered the value 'Location 1' in field 'storage-location1']]>
            </line>
            <line>
              <![CDATA['disable-dispense-par-level1' is checked/ticked by default]]>
            </line>
            <line>
              <![CDATA[Selected the value 'Room Temperature in field 'storage-condition2']]>
            </line>
            <line>
              <![CDATA[Entered the value 'Location 2' in field 'storage-location2']]>
            </line>
            <line>
              <![CDATA['disable-dispense-par-level2' is checked/ticked by default]]>
            </line>
            <line>
              <![CDATA[Selected the value 'Refrigerated in field 'storage-condition3']]>
            </line>
            <line>
              <![CDATA[Entered the value 'Location 3' in field 'storage-location3']]>
            </line>
            <line>
              <![CDATA['disable-dispense-par-level3' is checked/ticked by default]]>
            </line>
            <line>
              <![CDATA[Selected the value 'Freezer -20 in field 'storage-condition4']]>
            </line>
            <line>
              <![CDATA[Entered the value 'Location 4' in field 'storage-location4']]>
            </line>
            <line>
              <![CDATA[ Input is Yes for the field 'disable-dispense-par-level4' and Checkbox is unchecked by default, now checked/ticked successfully]]>
            </line>
            <line>
              <![CDATA[Clicked the item: pharmacy-address]]>
            </line>
            <line>
              <![CDATA[Entered the value '11.0' in field 'pharmacy-address-1']]>
            </line>
            <line>
              <![CDATA[Entered the value 'nCoup Street' in field 'pharmacy-address-2']]>
            </line>
            <line>
              <![CDATA[Entered the value 'nCoup City' in field 'pharmacy-city']]>
            </line>
            <line>
              <![CDATA[Entered the value 'nCoup State' in field 'pharmacy-state']]>
            </line>
            <line>
              <![CDATA[Entered the value '1234567.0' in field 'pharmacy-zip-postalcode']]>
            </line>
            <line>
              <![CDATA[Entered the value '098-098-0987' in field 'pharmacy-phone']]>
            </line>
            <line>
              <![CDATA[Entered the value 'nCoup Control pharmacy QA' in field 'pharmacy-name-label-name']]>
            </line>
            <line>
              <![CDATA[Entered the value 'DEA234' in field 'pharmacy-dea']]>
            </line>
            <line>
              <![CDATA[Entered the value 'a1234' in field 'pharmacy-esign']]>
            </line>
            <line>
              <![CDATA[Clicked the item: pharmacy-submit]]>
            </line>
          </reporter-output>
        </test-method> <!-- addPharmacy -->
        <test-method status="PASS" signature="addSupplier(java.util.Hashtable)[pri:4, instance:NostGroup.NostArtifact.TestCases.Mainte_Creation@3c87521]" name="addSupplier" duration-ms="21371" started-at="2020-06-16T21:29:28 IST" data-provider="getData" finished-at="2020-06-16T21:29:50 IST">
          <params>
            <param index="0">
              <value>
                <![CDATA[{Supplier_Name_3=16-JUN-3-Supplier-3, Supplier_Name_2=16-JUN-3-Supplier-2, Organization=Supplier, Supplier_Name_1=16-JUN-3-Supplier-1, esignature=a1234}]]>
              </value>
            </param>
          </params>
          <reporter-output>
            <line>
              <![CDATA[Clicked the item: organization]]>
            </line>
            <line>
              <![CDATA[Selected the value 'Supplier in field 'organization-selection']]>
            </line>
            <line>
              <![CDATA[Clicked the item: supplier-add]]>
            </line>
            <line>
              <![CDATA[Entered the value '16-JUN-3-Supplier-1' in field 'supplier-name']]>
            </line>
            <line>
              <![CDATA[Clicked the item: add-more-supplier1]]>
            </line>
            <line>
              <![CDATA[Entered the value '16-JUN-3-Supplier-2' in field 'supplier-name-1']]>
            </line>
            <line>
              <![CDATA[Clicked the item: add-more-supplier2]]>
            </line>
            <line>
              <![CDATA[Entered the value '16-JUN-3-Supplier-3' in field 'supplier-name-2']]>
            </line>
            <line>
              <![CDATA[Entered the value 'a1234' in field 'supplier-esign']]>
            </line>
            <line>
              <![CDATA[Clicked the item: supplier-submit]]>
            </line>
          </reporter-output>
        </test-method> <!-- addSupplier -->
        <test-method status="PASS" signature="addCatalog(java.util.Hashtable)[pri:5, instance:NostGroup.NostArtifact.TestCases.Mainte_Creation@3c87521]" name="addCatalog" duration-ms="22748" started-at="2020-06-16T21:29:50 IST" data-provider="getData" finished-at="2020-06-16T21:30:13 IST">
          <params>
            <param index="0">
              <value>
                <![CDATA[{Aux_Label_6=, Aux_Label_5=, Aux_Label_4=Chemotherapy Drug, Drug_ID_#=16-JUN-3-20-Drg-id1, Aux_Label_3=Refrigerate, Status=, Aux_Label_2=Shake Well, Aux_Label_1=Take With Food, Storage_Location=Location 1, Max=, UPC_Ratio=7.0, Hemoglobin=4.0, Strength/Concentration=22.22, Reorder_Point=, Formulation=Enema, Other3=Other 3, Other2=Other 2, Other1=Other 1, ANC=2.0, Pharmacy_Drug=16-JUN-3-20-Pharm1-C, Bilirubin:_T-Bili=12.0, IVRS=Yes, Level_of_Accountability=Unit, Qty_per_Unit=48.0, Frequency=twice daily, Patient_Specific_Drug=No, Drug_Proto_SPID=16-JUN-3-20-PROT-SPID, Day_Supply=10.0, esignature=a1234, Drug_Name=16-JUN-3-20-Drg-Unit, Compounded_Med_Label=Sterile Compounded Medication, NSC_#=16-JUN-3-20-Drg-nsc1, ALT/SGPT=14.0, PLT's=3.0, Drug_Label_Name=16-JUN-3-20-Drg-dl1, Min=, Route=, 24-hour_Collection=6.0, Serum_Creatinine=11.0, Dose_on_Label=Take with water of 8oz, before food, Storage_Condition=Refrigerator, Unit_Type=Tube, Label_Template=Standard (w/ Lab), Drug_Protocol=16-JUN-3-20-PROT, Supplier_Name=16-JUN-3-Supplier-1, Unit_of_Measure=mEq, Track_By=Strength, Dipstick=5.0, Alternative_Drug_Name=16-JUN-3-20-Drg-adn1, To_Be_Linked=Yes, AST/SGOT=13.0}]]>
              </value>
            </param>
          </params>
          <reporter-output>
            <line>
              <![CDATA[Clicked the item: add-drug]]>
            </line>
            <line>
              <![CDATA[Entered the value '16-JUN-3-20-Drg-Unit' in field 'drug-name']]>
            </line>
            <line>
              <![CDATA[Selected the value 'Strength in field 'track-by']]>
            </line>
            <line>
              <![CDATA[Entered the value '22.22' in field 'strength-concentration']]>
            </line>
            <line>
              <![CDATA[Selected the value 'mEq in field 'unit-of-measure']]>
            </line>
            <line>
              <![CDATA[Selected the value 'Enema in field 'formulation']]>
            </line>
            <line>
              <![CDATA[Entered the value '16-JUN-3-20-Drg-dl1' in field 'drug-label-name']]>
            </line>
            <line>
              <![CDATA[Entered the value '16-JUN-3-20-Drg-id1' in field 'drug-id']]>
            </line>
            <line>
              <![CDATA[Entered the value '16-JUN-3-20-Drg-nsc1' in field 'drug-nsc']]>
            </line>
            <line>
              <![CDATA[Entered the value '16-JUN-3-20-Drg-adn1' in field 'alternative-drug-name']]>
            </line>
            <line>
              <![CDATA[Clicked the item: set-defaults]]>
            </line>
            <line>
              <![CDATA['patient-specific-drug' is checked/ticked by default]]>
            </line>
            <line>
              <![CDATA[ Input is Yes for the field 'ivrs' and Checkbox is unchecked by default, now checked/ticked successfully]]>
            </line>
            <line>
              <![CDATA[Selected the value 'Yes in field 'to-be-linked']]>
            </line>
            <line>
              <![CDATA[Selected the value 'Unit in field 'level-of-accountability']]>
            </line>
            <line>
              <![CDATA[Selected the value 'Tube in field 'unit-type']]>
            </line>
            <line>
              <![CDATA[Entered the value '48.0' in field 'qty-per-unit']]>
            </line>
            <line>
              <![CDATA[Entered the value '16-JUN-3-Supplier-1' in field 'catalog-supplier-name']]>
            </line>
            <line>
              <![CDATA[Selected the value 'Refrigerator in field 'storage-condition']]>
            </line>
            <line>
              <![CDATA[Selected the value '16-JUN-3-20-Pharm1-C in field 'pharmacy']]>
            </line>
            <line>
              <![CDATA[Selected the value 'Location 1 in field 'storage-location']]>
            </line>
            <line>
              <![CDATA[Selected the value 'twice daily in field 'frequency']]>
            </line>
            <line>
              <![CDATA[Entered the value 'Take with water of 8oz, before food' in field 'dose-on-label']]>
            </line>
            <line>
              <![CDATA[Selected the value 'Standard (w/ Lab) in field 'label-template']]>
            </line>
            <line>
              <![CDATA[Entered the value '10.0' in field 'day-supply']]>
            </line>
            <line>
              <![CDATA[Selected the value 'Take With Food in field 'aux-label1']]>
            </line>
            <line>
              <![CDATA[Selected the value 'Shake Well in field 'aux-label2']]>
            </line>
            <line>
              <![CDATA[Selected the value 'Refrigerate in field 'aux-label3']]>
            </line>
            <line>
              <![CDATA[Selected the value 'Chemotherapy Drug in field 'aux-label4']]>
            </line>
            <line>
              <![CDATA[Clicked the item: add-lab-criteria]]>
            </line>
            <line>
              <![CDATA[Entered the value '2.0' in field 'anc']]>
            </line>
            <line>
              <![CDATA[Entered the value '3.0' in field 'plt']]>
            </line>
            <line>
              <![CDATA[Entered the value '4.0' in field 'hemoglobin']]>
            </line>
            <line>
              <![CDATA[Entered the value '5.0' in field 'dipstick']]>
            </line>
            <line>
              <![CDATA[Entered the value '6.0' in field '24-hour-collection']]>
            </line>
            <line>
              <![CDATA[Entered the value '7.0' in field 'upc-ratio']]>
            </line>
            <line>
              <![CDATA[Entered the value 'Other 1' in field 'other1']]>
            </line>
            <line>
              <![CDATA[Entered the value 'Other 2' in field 'other2']]>
            </line>
            <line>
              <![CDATA[Entered the value 'Other 3' in field 'other3']]>
            </line>
            <line>
              <![CDATA[Entered the value '11.0' in field 'serum-creatinine']]>
            </line>
            <line>
              <![CDATA[Entered the value '12.0' in field 'bili-rubin-t-bili']]>
            </line>
            <line>
              <![CDATA[Entered the value '13.0' in field 'asg-sgot']]>
            </line>
            <line>
              <![CDATA[Entered the value '14.0' in field 'alt-sgpt']]>
            </line>
            <line>
              <![CDATA[Clicked the item: add-drug]]>
            </line>
            <line>
              <![CDATA[Entered the value '16-JUN-3-20-PROT' in field 'cat-prot-sear']]>
            </line>
            <line>
              <![CDATA[Clicked the item: cat-prot-sear-ok]]>
            </line>
            <line>
              <![CDATA[Entered the value 'a1234' in field 'catalog-esign']]>
            </line>
            <line>
              <![CDATA[Clicked the item: catalog-submit]]>
            </line>
          </reporter-output>
        </test-method> <!-- addCatalog -->
        <test-method status="PASS" signature="addPatient(java.util.Hashtable)[pri:6, instance:NostGroup.NostArtifact.TestCases.Mainte_Creation@3c87521]" name="addPatient" duration-ms="30383" started-at="2020-06-16T21:30:13 IST" data-provider="getData" finished-at="2020-06-16T21:30:43 IST">
          <params>
            <param index="0">
              <value>
                <![CDATA[{Patient_Study_ID=16-JUN-3-20-PAT1-STY, Gender=Female, Protocol_ID=16-JUN-3-20-PROT, Patient_Status=Active, Patient_Stop_Date=, Country=India, Patient_Start_Date=, Zip/Postal_Code=123456.0, Assigned_Drug=, esignature=a1234, Home_Phone(s)=098-098-978765, State=Tamil Nadu, Drug_Name=16-JUN-3-20-Drg, Patient_MRN=16-JUN-3-20-PAT1-1, Address_2=2nd Street, Address_1=11.0, PID=PID-002, Unit_of_Measure=mEq, Strength/Concentration=22.22, Patient_First_Name=16-JUN-3-20-FN, Patient_Last_Name=16-JUN-3-20-LN, Patient_DOB=11-10-1999, Cohort/Dose_Level=39.87, Email=ncoup@ncoup.com, Work_Phone(s)=7297932-899, City=Chennai}]]>
              </value>
            </param>
          </params>
          <reporter-output>
            <line>
              <![CDATA[Clicked the item: patient-menu]]>
            </line>
            <line>
              <![CDATA[Clicked the item: add-patient-to-protocol]]>
            </line>
            <line>
              <![CDATA[Entered the value '16-JUN-3-20-PAT1-1' in field 'patient-mrn']]>
            </line>
            <line>
              <![CDATA[Entered the value '16-JUN-3-20-FN' in field 'patient-first-name']]>
            </line>
            <line>
              <![CDATA[Entered the value '16-JUN-3-20-LN' in field 'patient-last-name']]>
            </line>
            <line>
              <![CDATA[Selected the value 'Female in field 'patient-gender']]>
            </line>
            <line>
              <![CDATA[Entered the value '11-10-1999' in field 'patient-dob']]>
            </line>
            <line>
              <![CDATA[Selected the value 'Active in field 'patient-status']]>
            </line>
            <line>
              <![CDATA[Entered the value '16-JUN-3-20-PROT' in field 'patient-protocol-id']]>
            </line>
            <line>
              <![CDATA[Entered the value '16-JUN-3-20-PAT1-STY' in field 'patient-study-id']]>
            </line>
            <line>
              <![CDATA[Entered the value '39.87' in field 'cohort-dose-level']]>
            </line>
            <line>
              <![CDATA[Clicked the item: add-contact-info]]>
            </line>
            <line>
              <![CDATA[Entered the value '11.0' in field 'address-1']]>
            </line>
            <line>
              <![CDATA[Entered the value '2nd Street' in field 'address-2']]>
            </line>
            <line>
              <![CDATA[Entered the value 'Chennai' in field 'city']]>
            </line>
            <line>
              <![CDATA[Entered the value 'Tamil Nadu' in field 'state']]>
            </line>
            <line>
              <![CDATA[Entered the value '123456.0' in field 'zip-postal-code']]>
            </line>
            <line>
              <![CDATA[Entered the value 'India' in field 'country']]>
            </line>
            <line>
              <![CDATA[Entered the value '098-098-978765' in field 'home-phone']]>
            </line>
            <line>
              <![CDATA[Entered the value '7297932-899' in field 'work-phone']]>
            </line>
            <line>
              <![CDATA[Entered the value 'ncoup@ncoup.com' in field 'email']]>
            </line>
            <line>
              <![CDATA[Entered the value 'PID-002' in field 'pid']]>
            </line>
            <line>
              <![CDATA[Entered the value 'a1234' in field 'patient-esgin']]>
            </line>
            <line>
              <![CDATA[Clicked the item: patient-submit]]>
            </line>
          </reporter-output>
        </test-method> <!-- addPatient -->
      </class> <!-- NostGroup.NostArtifact.TestCases.Mainte_Creation -->
    </test> <!-- Maintenance Creation -->
  </suite> <!-- Suite -->
</testng-results>
