<?xml version="1.0" encoding="UTF-8"?>
<testng-results skipped="1" failed="1" ignored="0" total="15" passed="13">
  <reporter-output>
    <line>
      <![CDATA[Starting to Login....]]>
    </line>
    <line>
      <![CDATA[Entered the value 'admin' in field 'username']]>
    </line>
    <line>
      <![CDATA[Entered the value 'aithentchn' in field 'password']]>
    </line>
    <line>
      <![CDATA[Clicked the item: login-button]]>
    </line>
    <line>
      <![CDATA[Clicked the item: protocol]]>
    </line>
    <line>
      <![CDATA[Clicked the item: add-protocol]]>
    </line>
    <line>
      <![CDATA[Entered the value '24-SEP-02-20-PROT' in field 'protocol-id']]>
    </line>
    <line>
      <![CDATA[Entered the value '24-SEP-02-20-PROT-Title' in field 'protocol-title']]>
    </line>
    <line>
      <![CDATA[Selected the value 'CNPE in field 'protocol-status']]>
    </line>
    <line>
      <![CDATA[Selected the value 'Active in field 'pharmacy-status']]>
    </line>
    <line>
      <![CDATA[Entered the value '24-SEP-02-20-PROT-SPID' in field 'sponsor-protocol-id']]>
    </line>
    <line>
      <![CDATA[Entered the value '24-SEP-02-20-PROT-SP' in field 'protocol-sponsor']]>
    </line>
    <line>
      <![CDATA[Entered the value 'STN002' in field 'site-number']]>
    </line>
    <line>
      <![CDATA[Selected the value 'Phase 2 in field 'protocol-phase']]>
    </line>
    <line>
      <![CDATA[Selected the value 'Leukemia in field 'disease-program']]>
    </line>
    <line>
      <![CDATA[Selected the value 'Both in field 'service']]>
    </line>
    <line>
      <![CDATA[Selected the value 'Industry in field 'study-source']]>
    </line>
    <line>
      <![CDATA[Selected the value 'Open label in field 'protocol-type']]>
    </line>
    <line>
      <![CDATA[Entered the value 'IRB-Z001' in field 'internal-irb']]>
    </line>
    <line>
      <![CDATA[Entered the value 'EIRB-Z100' in field 'external-irb']]>
    </line>
    <line>
      <![CDATA[Selected the value 'Genetics in field 'protocol-category']]>
    </line>
    <line>
      <![CDATA[Clicked the item: staff]]>
    </line>
    <line>
      <![CDATA[Entered the value 'nCoup-PI-FN' in field 'pi-first-name']]>
    </line>
    <line>
      <![CDATA[Entered the value 'nCoup-PI-LN' in field 'pi-last-name']]>
    </line>
    <line>
      <![CDATA[Entered the value 'Inv-ID-01' in field 'investigator-id']]>
    </line>
    <line>
      <![CDATA[Entered the value '10-10-2020' in field 'id-expiration']]>
    </line>
    <line>
      <![CDATA[Entered the value 'Opt-Ins-nCoup' in field 'opt-pi-institution']]>
    </line>
    <line>
      <![CDATA[Entered the value 'Op-Ins-FN' in field 'opt-pi-first-name']]>
    </line>
    <line>
      <![CDATA[Entered the value 'OP-Ins-LN' in field 'opt-pi-last-name']]>
    </line>
    <line>
      <![CDATA[Entered the value 'Op-Inv-ID-02' in field 'opt-investigator-id']]>
    </line>
    <line>
      <![CDATA[Entered the value '10-10-2020' in field 'opt-id-expiration']]>
    </line>
    <line>
      <![CDATA[Entered the value 'Study contact comments' in field 'study-contact']]>
    </line>
    <line>
      <![CDATA[Clicked the item: key-dates]]>
    </line>
    <line>
      <![CDATA[Entered the value '04-01-2020' in field 'protocol-phase-start-date']]>
    </line>
    <line>
      <![CDATA[Entered the value '05-01-2020' in field 'closed-to-new-patients']]>
    </line>
    <line>
      <![CDATA[Entered the value '06-01-2020' in field 'protocol-closure-date']]>
    </line>
    <line>
      <![CDATA[Entered the value 'Protocol Study completed' in field 'reason-for-closure']]>
    </line>
    <line>
      <![CDATA[Entered the value '06-10-2020' in field 'protocol-completion-date']]>
    </line>
    <line>
      <![CDATA[Clicked the item: notifications]]>
    </line>
    <line>
      <![CDATA[Entered the value 'Receive Notifications' in field 'not-receive']]>
    </line>
    <line>
      <![CDATA[Entered the value 'Transfer Notifications' in field 'not-transfer']]>
    </line>
    <line>
      <![CDATA[Entered the value 'Dispense Notifications' in field 'not-dispense']]>
    </line>
    <line>
      <![CDATA[Entered the value 'Destroy Notifications' in field 'not-destroy']]>
    </line>
    <line>
      <![CDATA[Entered the value 'Return Notifications' in field 'not-return']]>
    </line>
    <line>
      <![CDATA[Entered the value 'a1234' in field 'protocol-esign']]>
    </line>
    <line>
      <![CDATA[Clicked the item: protocol-submit]]>
    </line>
    <line>
      <![CDATA[Entered the value '24-SEP-02-20-PROT' in field 'protocol-tab-search']]>
    </line>
    <line>
      <![CDATA[Protocol '24-SEP-02-20-PROT' found in the Protocol table]]>
    </line>
    <line>
      <![CDATA[Clicked the item: organization]]>
    </line>
    <line>
      <![CDATA[Selected the value 'Pharmacy in field 'organization-selection']]>
    </line>
    <line>
      <![CDATA[Clicked the item: add-new-pharmacy]]>
    </line>
    <line>
      <![CDATA[Entered the value '24-SEP-02-20-PHARM-1-C' in field 'pharmacy-name']]>
    </line>
    <line>
      <![CDATA[ Input is Yes for the field 'grant-control-rights' and Checkbox is unchecked by default, now checked/ticked successfully]]>
    </line>
    <line>
      <![CDATA[Selected the value 'Control in field 'nci-record']]>
    </line>
    <line>
      <![CDATA[Selected the value 'Refrigerator in field 'storage-condition1']]>
    </line>
    <line>
      <![CDATA[Entered the value 'Location 1' in field 'storage-location1']]>
    </line>
    <line>
      <![CDATA['disable-dispense-par-level1' is checked/ticked by default]]>
    </line>
    <line>
      <![CDATA[Selected the value 'Room Temperature in field 'storage-condition2']]>
    </line>
    <line>
      <![CDATA[Entered the value 'Location 2' in field 'storage-location2']]>
    </line>
    <line>
      <![CDATA['disable-dispense-par-level2' is checked/ticked by default]]>
    </line>
    <line>
      <![CDATA[Selected the value 'Refrigerated in field 'storage-condition3']]>
    </line>
    <line>
      <![CDATA[Entered the value 'Location 3' in field 'storage-location3']]>
    </line>
    <line>
      <![CDATA['disable-dispense-par-level3' is checked/ticked by default]]>
    </line>
    <line>
      <![CDATA[Selected the value 'Freezer -20 in field 'storage-condition4']]>
    </line>
    <line>
      <![CDATA[Entered the value 'Location 4' in field 'storage-location4']]>
    </line>
    <line>
      <![CDATA['disable-dispense-par-level4' is checked/ticked by default]]>
    </line>
    <line>
      <![CDATA[Clicked the item: pharmacy-address]]>
    </line>
    <line>
      <![CDATA[Entered the value '11.0' in field 'pharmacy-address-1']]>
    </line>
    <line>
      <![CDATA[Entered the value 'nCoup Street' in field 'pharmacy-address-2']]>
    </line>
    <line>
      <![CDATA[Entered the value 'nCoup City' in field 'pharmacy-city']]>
    </line>
    <line>
      <![CDATA[Entered the value 'nCoup State' in field 'pharmacy-state']]>
    </line>
    <line>
      <![CDATA[Entered the value '1234567.0' in field 'pharmacy-zip-postalcode']]>
    </line>
    <line>
      <![CDATA[Entered the value '098-098-0987' in field 'pharmacy-phone']]>
    </line>
    <line>
      <![CDATA[Entered the value 'nCoup Control pharmacy QA' in field 'pharmacy-name-label-name']]>
    </line>
    <line>
      <![CDATA[Entered the value 'DEA234' in field 'pharmacy-dea']]>
    </line>
    <line>
      <![CDATA[Entered the value 'a1234' in field 'pharmacy-esign']]>
    </line>
    <line>
      <![CDATA[Clicked the item: pharmacy-submit]]>
    </line>
    <line>
      <![CDATA[Selected the value 'Pharmacy in field 'organization-selection']]>
    </line>
    <line>
      <![CDATA[Entered the value '24-SEP-02-20-PHARM-1-C' in field 'pharmacy-search-bar']]>
    </line>
    <line>
      <![CDATA[Pharmacy '24-SEP-02-20-PHARM-1-C' found in the Pharmacy table]]>
    </line>
    <line>
      <![CDATA[Clicked the item: organization]]>
    </line>
    <line>
      <![CDATA[Selected the value 'Supplier in field 'organization-selection']]>
    </line>
    <line>
      <![CDATA[Clicked the item: supplier-add]]>
    </line>
    <line>
      <![CDATA[Entered the value '24-SEP-02-20-Supplier-1' in field 'supplier-name']]>
    </line>
    <line>
      <![CDATA[Clicked the item: add-more-supplier1]]>
    </line>
    <line>
      <![CDATA[Entered the value '24-SEP-02-20-Supplier-2' in field 'supplier-name-1']]>
    </line>
    <line>
      <![CDATA[Clicked the item: add-more-supplier2]]>
    </line>
    <line>
      <![CDATA[Entered the value '24-SEP-02-20-Supplier-3' in field 'supplier-name-2']]>
    </line>
    <line>
      <![CDATA[Entered the value 'a1234' in field 'supplier-esign']]>
    </line>
    <line>
      <![CDATA[Clicked the item: supplier-submit]]>
    </line>
    <line>
      <![CDATA[Selected the value 'Supplier in field 'organization-selection']]>
    </line>
    <line>
      <![CDATA[Entered the value '24-SEP-02-20-Supplier-1' in field 'supplier-search-bar']]>
    </line>
    <line>
      <![CDATA[Supplier '24-SEP-02-20-Supplier-1' found in the Supplier table]]>
    </line>
    <line>
      <![CDATA[Clicked the item: add-drug]]>
    </line>
    <line>
      <![CDATA[Entered the value '24-SEP-02-20-Drg' in field 'drug-name']]>
    </line>
    <line>
      <![CDATA[Selected the value 'Strength in field 'track-by']]>
    </line>
    <line>
      <![CDATA[Entered the value '22.22' in field 'strength-concentration']]>
    </line>
    <line>
      <![CDATA[Selected the value 'mEq in field 'unit-of-measure']]>
    </line>
    <line>
      <![CDATA[Selected the value 'Enema in field 'formulation']]>
    </line>
    <line>
      <![CDATA[Entered the value '24-SEP-02-20-Drg-dl1' in field 'drug-label-name']]>
    </line>
    <line>
      <![CDATA[Entered the value '24-SEP-02-20-Drg-DID1' in field 'drug-id']]>
    </line>
    <line>
      <![CDATA[Entered the value '24-SEP-02-20-Drg-nsc1' in field 'drug-nsc']]>
    </line>
    <line>
      <![CDATA[Entered the value '24-SEP-02-20-Drg-adn1' in field 'alternative-drug-name']]>
    </line>
    <line>
      <![CDATA[Clicked the item: set-defaults]]>
    </line>
    <line>
      <![CDATA['patient-specific-drug' is checked/ticked by default]]>
    </line>
    <line>
      <![CDATA[ Input is Yes for the field 'ivrs' and Checkbox is unchecked by default, now checked/ticked successfully]]>
    </line>
    <line>
      <![CDATA[Selected the value 'Yes in field 'to-be-linked']]>
    </line>
    <line>
      <![CDATA[Selected the value 'Lot in field 'level-of-accountability']]>
    </line>
    <line>
      <![CDATA[Selected the value 'Tube in field 'unit-type']]>
    </line>
    <line>
      <![CDATA[Entered the value '48.0' in field 'qty-per-unit']]>
    </line>
    <line>
      <![CDATA[Entered the value '24-SEP-02-20-Supplier-1' in field 'catalog-supplier-name']]>
    </line>
    <line>
      <![CDATA[Selected the value 'Room Temperature in field 'storage-condition']]>
    </line>
    <line>
      <![CDATA[Selected the value '24-SEP-02-20-PHARM-1-C in field 'pharmacy']]>
    </line>
    <line>
      <![CDATA[Selected the value 'Location 2 in field 'storage-location']]>
    </line>
    <line>
      <![CDATA[Selected the value 'twice daily in field 'frequency']]>
    </line>
    <line>
      <![CDATA[Entered the value 'Take with water of 8oz, before food' in field 'dose-on-label']]>
    </line>
    <line>
      <![CDATA[Selected the value 'Standard (w/ Lab) in field 'label-template']]>
    </line>
    <line>
      <![CDATA[Entered the value '10.0' in field 'day-supply']]>
    </line>
    <line>
      <![CDATA[Selected the value 'Take With Food in field 'aux-label1']]>
    </line>
    <line>
      <![CDATA[Selected the value 'Shake Well in field 'aux-label2']]>
    </line>
    <line>
      <![CDATA[Selected the value 'Refrigerate in field 'aux-label3']]>
    </line>
    <line>
      <![CDATA[Selected the value 'Chemotherapy Drug in field 'aux-label4']]>
    </line>
    <line>
      <![CDATA[Clicked the item: add-drug]]>
    </line>
    <line>
      <![CDATA[Entered the value '24-SEP-02-20-PROT' in field 'cat-prot-sear']]>
    </line>
    <line>
      <![CDATA[Clicked the item: cat-prot-sear-ok]]>
    </line>
    <line>
      <![CDATA[Entered the value 'a1234' in field 'catalog-esign']]>
    </line>
    <line>
      <![CDATA[Clicked the item: catalog-submit]]>
    </line>
    <line>
      <![CDATA[Entered the value '24-SEP-02-20-Drg' in field 'catalog-tab-search']]>
    </line>
    <line>
      <![CDATA[Catalog '24-SEP-02-20-Drg' found in the Catalog table]]>
    </line>
    <line>
      <![CDATA[Clicked the item: patient-menu]]>
    </line>
    <line>
      <![CDATA[Clicked the item: add-patient-to-protocol]]>
    </line>
    <line>
      <![CDATA[Entered the value '24-SEP-02-20-PAT1-1' in field 'patient-mrn']]>
    </line>
    <line>
      <![CDATA[Entered the value '24-SEP-02-20-FN' in field 'patient-first-name']]>
    </line>
    <line>
      <![CDATA[Entered the value '24-SEP-02-20-LN' in field 'patient-last-name']]>
    </line>
    <line>
      <![CDATA[Selected the value 'Female in field 'patient-gender']]>
    </line>
    <line>
      <![CDATA[Entered the value '11-10-1999' in field 'patient-dob']]>
    </line>
    <line>
      <![CDATA[Selected the value 'Active in field 'patient-status']]>
    </line>
    <line>
      <![CDATA[Entered the value '24-SEP-02-20-PROT' in field 'patient-protocol-id']]>
    </line>
    <line>
      <![CDATA[Entered the value '24-SEP-02-20-PAT1-STY' in field 'patient-study-id']]>
    </line>
    <line>
      <![CDATA[Entered the value '39.87' in field 'cohort-dose-level']]>
    </line>
    <line>
      <![CDATA[Clicked the item: add-contact-info]]>
    </line>
    <line>
      <![CDATA[Entered the value '11.0' in field 'address-1']]>
    </line>
    <line>
      <![CDATA[Entered the value '2nd Street' in field 'address-2']]>
    </line>
    <line>
      <![CDATA[Entered the value 'Chennai' in field 'city']]>
    </line>
    <line>
      <![CDATA[Entered the value 'Tamil Nadu' in field 'state']]>
    </line>
    <line>
      <![CDATA[Entered the value '123456.0' in field 'zip-postal-code']]>
    </line>
    <line>
      <![CDATA[Entered the value 'India' in field 'country']]>
    </line>
    <line>
      <![CDATA[Entered the value '098-098-978765' in field 'home-phone']]>
    </line>
    <line>
      <![CDATA[Entered the value '7297932-899' in field 'work-phone']]>
    </line>
    <line>
      <![CDATA[Entered the value 'ncoup@ncoup.com' in field 'email']]>
    </line>
    <line>
      <![CDATA[Entered the value 'PID-002' in field 'pid']]>
    </line>
    <line>
      <![CDATA[Entered the value 'a1234' in field 'patient-esgin']]>
    </line>
    <line>
      <![CDATA[Clicked the item: patient-submit]]>
    </line>
    <line>
      <![CDATA[Entered the value '24-SEP-02-20-PAT1-1' in field 'patient-search-bar']]>
    </line>
    <line>
      <![CDATA[Patient '24-SEP-02-20-PAT1-1' found in the Patient table]]>
    </line>
    <line>
      <![CDATA[Clicked the item: receive-add]]>
    </line>
    <line>
      <![CDATA[Entered the value '24-SEP-02-20-PROT' in field 'receive-protocol-id']]>
    </line>
    <line>
      <![CDATA[Entered the value '586.iu45-LT3' in field 'receive-lot']]>
    </line>
    <line>
      <![CDATA[Entered the value '05-05-2021' in field 'receive-expiration-date']]>
    </line>
    <line>
      <![CDATA[Entered the value '250.0' in field 'receive-total-qty']]>
    </line>
    <line>
      <![CDATA[Entered the value 'Receving Drug' in field 'receive-comment']]>
    </line>
    <line>
      <![CDATA[Clicked the item: receive-save]]>
    </line>
    <line>
      <![CDATA[Entered the value '24-SEP-02-20-PROT' in field 'rec-tab-search']]>
    </line>
    <line>
      <![CDATA[Entered the value 'a1234' in field 'receive-edit']]>
    </line>
    <line>
      <![CDATA[Clicked the item: receive-submit]]>
    </line>
    <line>
      <![CDATA[Clicked the item: trans-to-pharm]]>
    </line>
    <line>
      <![CDATA[Entered the value '24-SEP-02-20-PROT' in field 'trans-protocol-id']]>
    </line>
    <line>
      <![CDATA[<br>commonTransferToPharmacy: Failed]]>
    </line>
    <line>
      <![CDATA[<br>]]>
    </line>
    <line>
      <![CDATA[<a target="_blank" href="D:\Jagan\NostAuto\NostCore\NostArtifact\Screenshots\Screenshot_Fri_Sep_25_14_48_46_IST_2020.jpg">ScreenShot</a>]]>
    </line>
    <line>
      <![CDATA[<br>]]>
    </line>
  </reporter-output>
  <suite name="Suite" duration-ms="260678" started-at="2020-09-25T14:44:26 IST" finished-at="2020-09-25T14:48:46 IST">
    <groups>
    </groups>
    <test name="dispense Creation" duration-ms="260678" started-at="2020-09-25T14:44:26 IST" finished-at="2020-09-25T14:48:46 IST">
      <class name="NostGroup.NostArtifact.TestCases.IDSFlow_M_R_PR">
        <test-method status="PASS" signature="browserLaunch()[pri:0, instance:NostGroup.NostArtifact.TestCases.IDSFlow_M_R_PR@17c386de]" name="browserLaunch" is-config="true" duration-ms="6643" started-at="2020-09-25T14:44:19 IST" finished-at="2020-09-25T14:44:26 IST">
          <reporter-output>
          </reporter-output>
        </test-method> <!-- browserLaunch -->
        <test-method status="PASS" signature="nostLogin(java.util.Hashtable)[pri:1, instance:NostGroup.NostArtifact.TestCases.IDSFlow_M_R_PR@17c386de]" name="nostLogin" duration-ms="9264" started-at="2020-09-25T14:44:27 IST" data-provider="getData" finished-at="2020-09-25T14:44:36 IST">
          <params>
            <param index="0">
              <value>
                <![CDATA[{PassWord=aithentchn, rundata=Y, UserName=admin, e-Signature=a1234}]]>
              </value>
            </param>
          </params>
          <reporter-output>
            <line>
              <![CDATA[Starting to Login....]]>
            </line>
            <line>
              <![CDATA[Entered the value 'admin' in field 'username']]>
            </line>
            <line>
              <![CDATA[Entered the value 'aithentchn' in field 'password']]>
            </line>
            <line>
              <![CDATA[Clicked the item: login-button]]>
            </line>
          </reporter-output>
        </test-method> <!-- nostLogin -->
        <test-method status="PASS" signature="addProtocol(java.util.Hashtable)[pri:2, instance:NostGroup.NostArtifact.TestCases.IDSFlow_M_R_PR@17c386de]" name="addProtocol" duration-ms="22299" started-at="2020-09-25T14:44:37 IST" data-provider="getData" depends-on-methods="NostGroup.NostArtifact.TestCases.IDSFlow_M_R_PR.nostLogin" finished-at="2020-09-25T14:44:59 IST">
          <params>
            <param index="0">
              <value>
                <![CDATA[{Service=Both, OP_Investigator_ID=Op-Inv-ID-02, Protocol_Phase_Start_Date=04-01-2020, Site_Number=STN002, Investigator_ID=Inv-ID-01, ID_Expiration=10-10-2020, OP_PI_Last_Name=OP-Ins-LN, Closed_to_New_Patients=05-01-2020, Description=TestLink-1, Protocol_Title=24-SEP-02-20-PROT-Title, Protocol_Category=Genetics, Optional_PI_Institution=Opt-Ins-nCoup, Sponsor_Protocol_ID=24-SEP-02-20-PROT-SPID, Protocol_Completion_Date=06-10-2020, Noti_Return=Return Notifications, External_IRB#=EIRB-Z100, PI_First_Name=nCoup-PI-FN, Protocol_Sponsor=24-SEP-02-20-PROT-SP, Protocol_Status=CNPE, esignature=a1234, Noti_Transfer=Transfer Notifications, Noti_Destroy=Destroy Notifications, Drug(s)_and_Kit(s)=, OP_PI_First_Name=Op-Ins-FN, Category=Protocol Data Sheet, Noti_Pat_Return=Patient Returns Notifications, Protocol_Closure_Date=06-01-2020, Noti_Receive=Receive Notifications, Study_Contact=Study contact comments, Protocol_ID=24-SEP-02-20-PROT, Version=v1.1, Internal_IRB#=IRB-Z001, Noti_Dispense=Dispense Notifications, Reason_for_Closure=Protocol Study completed, Disease_Program=Leukemia, Type=Link, Study_Source=Industry, Protocol_Phase=Phase 2, Pharmacy_Status=Active, Protocol_ID_Edit=24-SEP-02-20-PROT-Edit, Protocol_Type=Open label, PI_Last_Name=nCoup-PI-LN}]]>
              </value>
            </param>
          </params>
          <reporter-output>
            <line>
              <![CDATA[Clicked the item: protocol]]>
            </line>
            <line>
              <![CDATA[Clicked the item: add-protocol]]>
            </line>
            <line>
              <![CDATA[Entered the value '24-SEP-02-20-PROT' in field 'protocol-id']]>
            </line>
            <line>
              <![CDATA[Entered the value '24-SEP-02-20-PROT-Title' in field 'protocol-title']]>
            </line>
            <line>
              <![CDATA[Selected the value 'CNPE in field 'protocol-status']]>
            </line>
            <line>
              <![CDATA[Selected the value 'Active in field 'pharmacy-status']]>
            </line>
            <line>
              <![CDATA[Entered the value '24-SEP-02-20-PROT-SPID' in field 'sponsor-protocol-id']]>
            </line>
            <line>
              <![CDATA[Entered the value '24-SEP-02-20-PROT-SP' in field 'protocol-sponsor']]>
            </line>
            <line>
              <![CDATA[Entered the value 'STN002' in field 'site-number']]>
            </line>
            <line>
              <![CDATA[Selected the value 'Phase 2 in field 'protocol-phase']]>
            </line>
            <line>
              <![CDATA[Selected the value 'Leukemia in field 'disease-program']]>
            </line>
            <line>
              <![CDATA[Selected the value 'Both in field 'service']]>
            </line>
            <line>
              <![CDATA[Selected the value 'Industry in field 'study-source']]>
            </line>
            <line>
              <![CDATA[Selected the value 'Open label in field 'protocol-type']]>
            </line>
            <line>
              <![CDATA[Entered the value 'IRB-Z001' in field 'internal-irb']]>
            </line>
            <line>
              <![CDATA[Entered the value 'EIRB-Z100' in field 'external-irb']]>
            </line>
            <line>
              <![CDATA[Selected the value 'Genetics in field 'protocol-category']]>
            </line>
            <line>
              <![CDATA[Clicked the item: staff]]>
            </line>
            <line>
              <![CDATA[Entered the value 'nCoup-PI-FN' in field 'pi-first-name']]>
            </line>
            <line>
              <![CDATA[Entered the value 'nCoup-PI-LN' in field 'pi-last-name']]>
            </line>
            <line>
              <![CDATA[Entered the value 'Inv-ID-01' in field 'investigator-id']]>
            </line>
            <line>
              <![CDATA[Entered the value '10-10-2020' in field 'id-expiration']]>
            </line>
            <line>
              <![CDATA[Entered the value 'Opt-Ins-nCoup' in field 'opt-pi-institution']]>
            </line>
            <line>
              <![CDATA[Entered the value 'Op-Ins-FN' in field 'opt-pi-first-name']]>
            </line>
            <line>
              <![CDATA[Entered the value 'OP-Ins-LN' in field 'opt-pi-last-name']]>
            </line>
            <line>
              <![CDATA[Entered the value 'Op-Inv-ID-02' in field 'opt-investigator-id']]>
            </line>
            <line>
              <![CDATA[Entered the value '10-10-2020' in field 'opt-id-expiration']]>
            </line>
            <line>
              <![CDATA[Entered the value 'Study contact comments' in field 'study-contact']]>
            </line>
            <line>
              <![CDATA[Clicked the item: key-dates]]>
            </line>
            <line>
              <![CDATA[Entered the value '04-01-2020' in field 'protocol-phase-start-date']]>
            </line>
            <line>
              <![CDATA[Entered the value '05-01-2020' in field 'closed-to-new-patients']]>
            </line>
            <line>
              <![CDATA[Entered the value '06-01-2020' in field 'protocol-closure-date']]>
            </line>
            <line>
              <![CDATA[Entered the value 'Protocol Study completed' in field 'reason-for-closure']]>
            </line>
            <line>
              <![CDATA[Entered the value '06-10-2020' in field 'protocol-completion-date']]>
            </line>
            <line>
              <![CDATA[Clicked the item: notifications]]>
            </line>
            <line>
              <![CDATA[Entered the value 'Receive Notifications' in field 'not-receive']]>
            </line>
            <line>
              <![CDATA[Entered the value 'Transfer Notifications' in field 'not-transfer']]>
            </line>
            <line>
              <![CDATA[Entered the value 'Dispense Notifications' in field 'not-dispense']]>
            </line>
            <line>
              <![CDATA[Entered the value 'Destroy Notifications' in field 'not-destroy']]>
            </line>
            <line>
              <![CDATA[Entered the value 'Return Notifications' in field 'not-return']]>
            </line>
            <line>
              <![CDATA[Entered the value 'a1234' in field 'protocol-esign']]>
            </line>
            <line>
              <![CDATA[Clicked the item: protocol-submit]]>
            </line>
          </reporter-output>
        </test-method> <!-- addProtocol -->
        <test-method status="PASS" signature="verifyProtocol(java.util.Hashtable)[pri:3, instance:NostGroup.NostArtifact.TestCases.IDSFlow_M_R_PR@17c386de]" name="verifyProtocol" duration-ms="7376" started-at="2020-09-25T14:44:59 IST" data-provider="getData" depends-on-methods="NostGroup.NostArtifact.TestCases.IDSFlow_M_R_PR.addProtocol" finished-at="2020-09-25T14:45:06 IST">
          <params>
            <param index="0">
              <value>
                <![CDATA[{Service=Both, OP_Investigator_ID=Op-Inv-ID-02, Protocol_Phase_Start_Date=04-01-2020, Site_Number=STN002, Investigator_ID=Inv-ID-01, ID_Expiration=10-10-2020, OP_PI_Last_Name=OP-Ins-LN, Closed_to_New_Patients=05-01-2020, Description=TestLink-1, Protocol_Title=24-SEP-02-20-PROT-Title, Protocol_Category=Genetics, Optional_PI_Institution=Opt-Ins-nCoup, Sponsor_Protocol_ID=24-SEP-02-20-PROT-SPID, Protocol_Completion_Date=06-10-2020, Noti_Return=Return Notifications, External_IRB#=EIRB-Z100, PI_First_Name=nCoup-PI-FN, Protocol_Sponsor=24-SEP-02-20-PROT-SP, Protocol_Status=CNPE, esignature=a1234, Noti_Transfer=Transfer Notifications, Noti_Destroy=Destroy Notifications, Drug(s)_and_Kit(s)=, OP_PI_First_Name=Op-Ins-FN, Category=Protocol Data Sheet, Noti_Pat_Return=Patient Returns Notifications, Protocol_Closure_Date=06-01-2020, Noti_Receive=Receive Notifications, Study_Contact=Study contact comments, Protocol_ID=24-SEP-02-20-PROT, Version=v1.1, Internal_IRB#=IRB-Z001, Noti_Dispense=Dispense Notifications, Reason_for_Closure=Protocol Study completed, Disease_Program=Leukemia, Type=Link, Study_Source=Industry, Protocol_Phase=Phase 2, Pharmacy_Status=Active, Protocol_ID_Edit=24-SEP-02-20-PROT-Edit, Protocol_Type=Open label, PI_Last_Name=nCoup-PI-LN}]]>
              </value>
            </param>
          </params>
          <reporter-output>
            <line>
              <![CDATA[Entered the value '24-SEP-02-20-PROT' in field 'protocol-tab-search']]>
            </line>
            <line>
              <![CDATA[Protocol '24-SEP-02-20-PROT' found in the Protocol table]]>
            </line>
          </reporter-output>
        </test-method> <!-- verifyProtocol -->
        <test-method status="PASS" signature="addPharmacy(java.util.Hashtable)[pri:4, instance:NostGroup.NostArtifact.TestCases.IDSFlow_M_R_PR@17c386de]" name="addPharmacy" duration-ms="14037" started-at="2020-09-25T14:45:07 IST" data-provider="getData" depends-on-methods="NostGroup.NostArtifact.TestCases.IDSFlow_M_R_PR.addProtocol" finished-at="2020-09-25T14:45:21 IST">
          <params>
            <param index="0">
              <value>
                <![CDATA[{NCI_Record=Control, Grant_Control_Rights?=Yes, Disable_Dispensing/Par_Level_4=No, Disable_Dispensing/Par_Level_3=No, Disable_Dispensing/Par_Level_2=No, Disable_Dispensing/Par_Level_1=No, esignature=a1234, Zip/PostalCode=1234567.0, State=nCoup State, Phone=098-098-0987, Address_2=nCoup Street, Address_1=11.0, Storage_Location_4=Location 4, Storage_Location_3=Location 3, Storage_Location_2=Location 2, Pharmacy_Name=24-SEP-02-20-PHARM-1-C, Storage_Location_1=Location 1, Organization=Pharmacy, Storage_Condition_4=Freezer -20, Storage_Condition_3=Refrigerated, Storage_Condition_2=Room Temperature, DEA=DEA234, Pharmacy_Name_Edit=24-SEP-02-20-PHARM-1-C-Edit, Storage_Condition_1=Refrigerator, Pharmacy's_Name_for_Patient_Label=nCoup Control pharmacy QA, City=nCoup City}]]>
              </value>
            </param>
          </params>
          <reporter-output>
            <line>
              <![CDATA[Clicked the item: organization]]>
            </line>
            <line>
              <![CDATA[Selected the value 'Pharmacy in field 'organization-selection']]>
            </line>
            <line>
              <![CDATA[Clicked the item: add-new-pharmacy]]>
            </line>
            <line>
              <![CDATA[Entered the value '24-SEP-02-20-PHARM-1-C' in field 'pharmacy-name']]>
            </line>
            <line>
              <![CDATA[ Input is Yes for the field 'grant-control-rights' and Checkbox is unchecked by default, now checked/ticked successfully]]>
            </line>
            <line>
              <![CDATA[Selected the value 'Control in field 'nci-record']]>
            </line>
            <line>
              <![CDATA[Selected the value 'Refrigerator in field 'storage-condition1']]>
            </line>
            <line>
              <![CDATA[Entered the value 'Location 1' in field 'storage-location1']]>
            </line>
            <line>
              <![CDATA['disable-dispense-par-level1' is checked/ticked by default]]>
            </line>
            <line>
              <![CDATA[Selected the value 'Room Temperature in field 'storage-condition2']]>
            </line>
            <line>
              <![CDATA[Entered the value 'Location 2' in field 'storage-location2']]>
            </line>
            <line>
              <![CDATA['disable-dispense-par-level2' is checked/ticked by default]]>
            </line>
            <line>
              <![CDATA[Selected the value 'Refrigerated in field 'storage-condition3']]>
            </line>
            <line>
              <![CDATA[Entered the value 'Location 3' in field 'storage-location3']]>
            </line>
            <line>
              <![CDATA['disable-dispense-par-level3' is checked/ticked by default]]>
            </line>
            <line>
              <![CDATA[Selected the value 'Freezer -20 in field 'storage-condition4']]>
            </line>
            <line>
              <![CDATA[Entered the value 'Location 4' in field 'storage-location4']]>
            </line>
            <line>
              <![CDATA['disable-dispense-par-level4' is checked/ticked by default]]>
            </line>
            <line>
              <![CDATA[Clicked the item: pharmacy-address]]>
            </line>
            <line>
              <![CDATA[Entered the value '11.0' in field 'pharmacy-address-1']]>
            </line>
            <line>
              <![CDATA[Entered the value 'nCoup Street' in field 'pharmacy-address-2']]>
            </line>
            <line>
              <![CDATA[Entered the value 'nCoup City' in field 'pharmacy-city']]>
            </line>
            <line>
              <![CDATA[Entered the value 'nCoup State' in field 'pharmacy-state']]>
            </line>
            <line>
              <![CDATA[Entered the value '1234567.0' in field 'pharmacy-zip-postalcode']]>
            </line>
            <line>
              <![CDATA[Entered the value '098-098-0987' in field 'pharmacy-phone']]>
            </line>
            <line>
              <![CDATA[Entered the value 'nCoup Control pharmacy QA' in field 'pharmacy-name-label-name']]>
            </line>
            <line>
              <![CDATA[Entered the value 'DEA234' in field 'pharmacy-dea']]>
            </line>
            <line>
              <![CDATA[Entered the value 'a1234' in field 'pharmacy-esign']]>
            </line>
            <line>
              <![CDATA[Clicked the item: pharmacy-submit]]>
            </line>
          </reporter-output>
        </test-method> <!-- addPharmacy -->
        <test-method status="PASS" signature="verifyPharmacy(java.util.Hashtable)[pri:5, instance:NostGroup.NostArtifact.TestCases.IDSFlow_M_R_PR@17c386de]" name="verifyPharmacy" duration-ms="11975" started-at="2020-09-25T14:45:21 IST" data-provider="getData" depends-on-methods="NostGroup.NostArtifact.TestCases.IDSFlow_M_R_PR.addPharmacy" finished-at="2020-09-25T14:45:33 IST">
          <params>
            <param index="0">
              <value>
                <![CDATA[{NCI_Record=Control, Grant_Control_Rights?=Yes, Disable_Dispensing/Par_Level_4=No, Disable_Dispensing/Par_Level_3=No, Disable_Dispensing/Par_Level_2=No, Disable_Dispensing/Par_Level_1=No, esignature=a1234, Zip/PostalCode=1234567.0, State=nCoup State, Phone=098-098-0987, Address_2=nCoup Street, Address_1=11.0, Storage_Location_4=Location 4, Storage_Location_3=Location 3, Storage_Location_2=Location 2, Pharmacy_Name=24-SEP-02-20-PHARM-1-C, Storage_Location_1=Location 1, Organization=Pharmacy, Storage_Condition_4=Freezer -20, Storage_Condition_3=Refrigerated, Storage_Condition_2=Room Temperature, DEA=DEA234, Pharmacy_Name_Edit=24-SEP-02-20-PHARM-1-C-Edit, Storage_Condition_1=Refrigerator, Pharmacy's_Name_for_Patient_Label=nCoup Control pharmacy QA, City=nCoup City}]]>
              </value>
            </param>
          </params>
          <reporter-output>
            <line>
              <![CDATA[Selected the value 'Pharmacy in field 'organization-selection']]>
            </line>
            <line>
              <![CDATA[Entered the value '24-SEP-02-20-PHARM-1-C' in field 'pharmacy-search-bar']]>
            </line>
            <line>
              <![CDATA[Pharmacy '24-SEP-02-20-PHARM-1-C' found in the Pharmacy table]]>
            </line>
          </reporter-output>
        </test-method> <!-- verifyPharmacy -->
        <test-method status="PASS" signature="addSupplier(java.util.Hashtable)[pri:6, instance:NostGroup.NostArtifact.TestCases.IDSFlow_M_R_PR@17c386de]" name="addSupplier" duration-ms="24303" started-at="2020-09-25T14:45:33 IST" data-provider="getData" depends-on-methods="NostGroup.NostArtifact.TestCases.IDSFlow_M_R_PR.addProtocol" finished-at="2020-09-25T14:45:57 IST">
          <params>
            <param index="0">
              <value>
                <![CDATA[{Supplier_Name_3=24-SEP-02-20-Supplier-3, Supplier_Name_2=24-SEP-02-20-Supplier-2, Organization=Supplier, Supplier_Name_1_Edit=24-SEP-02-20-Supplier-1-Edit, Supplier_Name_1=24-SEP-02-20-Supplier-1, esignature=a1234}]]>
              </value>
            </param>
          </params>
          <reporter-output>
            <line>
              <![CDATA[Clicked the item: organization]]>
            </line>
            <line>
              <![CDATA[Selected the value 'Supplier in field 'organization-selection']]>
            </line>
            <line>
              <![CDATA[Clicked the item: supplier-add]]>
            </line>
            <line>
              <![CDATA[Entered the value '24-SEP-02-20-Supplier-1' in field 'supplier-name']]>
            </line>
            <line>
              <![CDATA[Clicked the item: add-more-supplier1]]>
            </line>
            <line>
              <![CDATA[Entered the value '24-SEP-02-20-Supplier-2' in field 'supplier-name-1']]>
            </line>
            <line>
              <![CDATA[Clicked the item: add-more-supplier2]]>
            </line>
            <line>
              <![CDATA[Entered the value '24-SEP-02-20-Supplier-3' in field 'supplier-name-2']]>
            </line>
            <line>
              <![CDATA[Entered the value 'a1234' in field 'supplier-esign']]>
            </line>
            <line>
              <![CDATA[Clicked the item: supplier-submit]]>
            </line>
          </reporter-output>
        </test-method> <!-- addSupplier -->
        <test-method status="PASS" signature="verifySupplier(java.util.Hashtable)[pri:7, instance:NostGroup.NostArtifact.TestCases.IDSFlow_M_R_PR@17c386de]" name="verifySupplier" duration-ms="11508" started-at="2020-09-25T14:45:57 IST" data-provider="getData" depends-on-methods="NostGroup.NostArtifact.TestCases.IDSFlow_M_R_PR.addSupplier" finished-at="2020-09-25T14:46:09 IST">
          <params>
            <param index="0">
              <value>
                <![CDATA[{Supplier_Name_3=24-SEP-02-20-Supplier-3, Supplier_Name_2=24-SEP-02-20-Supplier-2, Organization=Supplier, Supplier_Name_1_Edit=24-SEP-02-20-Supplier-1-Edit, Supplier_Name_1=24-SEP-02-20-Supplier-1, esignature=a1234}]]>
              </value>
            </param>
          </params>
          <reporter-output>
            <line>
              <![CDATA[Selected the value 'Supplier in field 'organization-selection']]>
            </line>
            <line>
              <![CDATA[Entered the value '24-SEP-02-20-Supplier-1' in field 'supplier-search-bar']]>
            </line>
            <line>
              <![CDATA[Supplier '24-SEP-02-20-Supplier-1' found in the Supplier table]]>
            </line>
          </reporter-output>
        </test-method> <!-- verifySupplier -->
        <test-method status="PASS" signature="addCatalog(java.util.Hashtable)[pri:8, instance:NostGroup.NostArtifact.TestCases.IDSFlow_M_R_PR@17c386de]" name="addCatalog" duration-ms="19575" started-at="2020-09-25T14:46:09 IST" data-provider="getData" depends-on-methods="NostGroup.NostArtifact.TestCases.IDSFlow_M_R_PR.addProtocol" finished-at="2020-09-25T14:46:28 IST">
          <params>
            <param index="0">
              <value>
                <![CDATA[{Aux_Label_6=, Aux_Label_5=, Aux_Label_4=Chemotherapy Drug, Drug_ID_#=24-SEP-02-20-Drg-DID1, Aux_Label_3=Refrigerate, Status=, Aux_Label_2=Shake Well, Aux_Label_1=Take With Food, Storage_Location=Location 2, Max=, UPC_Ratio=7.0, Hemoglobin=4.0, Strength/Concentration=22.22, Reorder_Point=, Formulation=Enema, Other3=Other 3, Other2=Other 2, Other1=Other 1, ANC=2.0, Pharmacy_Drug=24-SEP-02-20-PHARM-1-C, Bilirubin:_T-Bili=12.0, IVRS=Yes, Level_of_Accountability=Lot, Qty_per_Unit=48.0, Frequency=twice daily, Patient_Specific_Drug=No, Drug_Proto_SPID=24-SEP-02-20-PROT-SPID, Day_Supply=10.0, esignature=a1234, Drug_Name=24-SEP-02-20-Drg, Compounded_Med_Label=Sterile Compounded Medication, NSC_#=24-SEP-02-20-Drg-nsc1, ALT/SGPT=14.0, PLT's=3.0, Drug_Label_Name=24-SEP-02-20-Drg-dl1, Min=, Route=, 24-hour_Collection=6.0, Serum_Creatinine=11.0, Dose_on_Label=Take with water of 8oz, before food, Storage_Condition=Room Temperature, Unit_Type=Tube, Label_Template=Standard (w/ Lab), Drug_Protocol=24-SEP-02-20-PROT, Supplier_Name=24-SEP-02-20-Supplier-1, Drug_Name_edit=24-SEP-02-20-Drg-Edit, Unit_of_Measure=mEq, Track_By=Strength, Dipstick=5.0, Alternative_Drug_Name=24-SEP-02-20-Drg-adn1, To_Be_Linked=Yes, AST/SGOT=13.0}]]>
              </value>
            </param>
          </params>
          <reporter-output>
            <line>
              <![CDATA[Clicked the item: add-drug]]>
            </line>
            <line>
              <![CDATA[Entered the value '24-SEP-02-20-Drg' in field 'drug-name']]>
            </line>
            <line>
              <![CDATA[Selected the value 'Strength in field 'track-by']]>
            </line>
            <line>
              <![CDATA[Entered the value '22.22' in field 'strength-concentration']]>
            </line>
            <line>
              <![CDATA[Selected the value 'mEq in field 'unit-of-measure']]>
            </line>
            <line>
              <![CDATA[Selected the value 'Enema in field 'formulation']]>
            </line>
            <line>
              <![CDATA[Entered the value '24-SEP-02-20-Drg-dl1' in field 'drug-label-name']]>
            </line>
            <line>
              <![CDATA[Entered the value '24-SEP-02-20-Drg-DID1' in field 'drug-id']]>
            </line>
            <line>
              <![CDATA[Entered the value '24-SEP-02-20-Drg-nsc1' in field 'drug-nsc']]>
            </line>
            <line>
              <![CDATA[Entered the value '24-SEP-02-20-Drg-adn1' in field 'alternative-drug-name']]>
            </line>
            <line>
              <![CDATA[Clicked the item: set-defaults]]>
            </line>
            <line>
              <![CDATA['patient-specific-drug' is checked/ticked by default]]>
            </line>
            <line>
              <![CDATA[ Input is Yes for the field 'ivrs' and Checkbox is unchecked by default, now checked/ticked successfully]]>
            </line>
            <line>
              <![CDATA[Selected the value 'Yes in field 'to-be-linked']]>
            </line>
            <line>
              <![CDATA[Selected the value 'Lot in field 'level-of-accountability']]>
            </line>
            <line>
              <![CDATA[Selected the value 'Tube in field 'unit-type']]>
            </line>
            <line>
              <![CDATA[Entered the value '48.0' in field 'qty-per-unit']]>
            </line>
            <line>
              <![CDATA[Entered the value '24-SEP-02-20-Supplier-1' in field 'catalog-supplier-name']]>
            </line>
            <line>
              <![CDATA[Selected the value 'Room Temperature in field 'storage-condition']]>
            </line>
            <line>
              <![CDATA[Selected the value '24-SEP-02-20-PHARM-1-C in field 'pharmacy']]>
            </line>
            <line>
              <![CDATA[Selected the value 'Location 2 in field 'storage-location']]>
            </line>
            <line>
              <![CDATA[Selected the value 'twice daily in field 'frequency']]>
            </line>
            <line>
              <![CDATA[Entered the value 'Take with water of 8oz, before food' in field 'dose-on-label']]>
            </line>
            <line>
              <![CDATA[Selected the value 'Standard (w/ Lab) in field 'label-template']]>
            </line>
            <line>
              <![CDATA[Entered the value '10.0' in field 'day-supply']]>
            </line>
            <line>
              <![CDATA[Selected the value 'Take With Food in field 'aux-label1']]>
            </line>
            <line>
              <![CDATA[Selected the value 'Shake Well in field 'aux-label2']]>
            </line>
            <line>
              <![CDATA[Selected the value 'Refrigerate in field 'aux-label3']]>
            </line>
            <line>
              <![CDATA[Selected the value 'Chemotherapy Drug in field 'aux-label4']]>
            </line>
            <line>
              <![CDATA[Clicked the item: add-drug]]>
            </line>
            <line>
              <![CDATA[Entered the value '24-SEP-02-20-PROT' in field 'cat-prot-sear']]>
            </line>
            <line>
              <![CDATA[Clicked the item: cat-prot-sear-ok]]>
            </line>
            <line>
              <![CDATA[Entered the value 'a1234' in field 'catalog-esign']]>
            </line>
            <line>
              <![CDATA[Clicked the item: catalog-submit]]>
            </line>
          </reporter-output>
        </test-method> <!-- addCatalog -->
        <test-method status="PASS" signature="verifyCatalog(java.util.Hashtable)[pri:9, instance:NostGroup.NostArtifact.TestCases.IDSFlow_M_R_PR@17c386de]" name="verifyCatalog" duration-ms="17322" started-at="2020-09-25T14:46:28 IST" data-provider="getData" depends-on-methods="NostGroup.NostArtifact.TestCases.IDSFlow_M_R_PR.addCatalog" finished-at="2020-09-25T14:46:46 IST">
          <params>
            <param index="0">
              <value>
                <![CDATA[{Aux_Label_6=, Aux_Label_5=, Aux_Label_4=Chemotherapy Drug, Drug_ID_#=24-SEP-02-20-Drg-DID1, Aux_Label_3=Refrigerate, Status=, Aux_Label_2=Shake Well, Aux_Label_1=Take With Food, Storage_Location=Location 2, Max=, UPC_Ratio=7.0, Hemoglobin=4.0, Strength/Concentration=22.22, Reorder_Point=, Formulation=Enema, Other3=Other 3, Other2=Other 2, Other1=Other 1, ANC=2.0, Pharmacy_Drug=24-SEP-02-20-PHARM-1-C, Bilirubin:_T-Bili=12.0, IVRS=Yes, Level_of_Accountability=Lot, Qty_per_Unit=48.0, Frequency=twice daily, Patient_Specific_Drug=No, Drug_Proto_SPID=24-SEP-02-20-PROT-SPID, Day_Supply=10.0, esignature=a1234, Drug_Name=24-SEP-02-20-Drg, Compounded_Med_Label=Sterile Compounded Medication, NSC_#=24-SEP-02-20-Drg-nsc1, ALT/SGPT=14.0, PLT's=3.0, Drug_Label_Name=24-SEP-02-20-Drg-dl1, Min=, Route=, 24-hour_Collection=6.0, Serum_Creatinine=11.0, Dose_on_Label=Take with water of 8oz, before food, Storage_Condition=Room Temperature, Unit_Type=Tube, Label_Template=Standard (w/ Lab), Drug_Protocol=24-SEP-02-20-PROT, Supplier_Name=24-SEP-02-20-Supplier-1, Drug_Name_edit=24-SEP-02-20-Drg-Edit, Unit_of_Measure=mEq, Track_By=Strength, Dipstick=5.0, Alternative_Drug_Name=24-SEP-02-20-Drg-adn1, To_Be_Linked=Yes, AST/SGOT=13.0}]]>
              </value>
            </param>
          </params>
          <reporter-output>
            <line>
              <![CDATA[Entered the value '24-SEP-02-20-Drg' in field 'catalog-tab-search']]>
            </line>
            <line>
              <![CDATA[Catalog '24-SEP-02-20-Drg' found in the Catalog table]]>
            </line>
          </reporter-output>
        </test-method> <!-- verifyCatalog -->
        <test-method status="PASS" signature="addPatient(java.util.Hashtable)[pri:10, instance:NostGroup.NostArtifact.TestCases.IDSFlow_M_R_PR@17c386de]" name="addPatient" duration-ms="30391" started-at="2020-09-25T14:46:46 IST" data-provider="getData" depends-on-methods="NostGroup.NostArtifact.TestCases.IDSFlow_M_R_PR.addProtocol, NostGroup.NostArtifact.TestCases.IDSFlow_M_R_PR.addCatalog" finished-at="2020-09-25T14:47:16 IST">
          <params>
            <param index="0">
              <value>
                <![CDATA[{Patient_Study_ID=24-SEP-02-20-PAT1-STY, Gender=Female, Protocol_ID=24-SEP-02-20-PROT, Patient_Status=Active, Patient_Stop_Date=, Country=India, Patient_Start_Date=, Zip/Postal_Code=123456.0, Assigned_Drug=, esignature=a1234, Home_Phone(s)=098-098-978765, State=Tamil Nadu, Drug_Name=24-SEP-02-20-Drg, Patient_MRN=24-SEP-02-20-PAT1-1, Address_2=2nd Street, Address_1=11.0, PID=PID-002, Unit_of_Measure=mEq, Strength/Concentration=22.22, Patient_First_Name=24-SEP-02-20-FN, Patient_Last_Name=24-SEP-02-20-LN, Patient_DOB=11-10-1999, Cohort/Dose_Level=39.87, Email=ncoup@ncoup.com, Work_Phone(s)=7297932-899, City=Chennai}]]>
              </value>
            </param>
          </params>
          <reporter-output>
            <line>
              <![CDATA[Clicked the item: patient-menu]]>
            </line>
            <line>
              <![CDATA[Clicked the item: add-patient-to-protocol]]>
            </line>
            <line>
              <![CDATA[Entered the value '24-SEP-02-20-PAT1-1' in field 'patient-mrn']]>
            </line>
            <line>
              <![CDATA[Entered the value '24-SEP-02-20-FN' in field 'patient-first-name']]>
            </line>
            <line>
              <![CDATA[Entered the value '24-SEP-02-20-LN' in field 'patient-last-name']]>
            </line>
            <line>
              <![CDATA[Selected the value 'Female in field 'patient-gender']]>
            </line>
            <line>
              <![CDATA[Entered the value '11-10-1999' in field 'patient-dob']]>
            </line>
            <line>
              <![CDATA[Selected the value 'Active in field 'patient-status']]>
            </line>
            <line>
              <![CDATA[Entered the value '24-SEP-02-20-PROT' in field 'patient-protocol-id']]>
            </line>
            <line>
              <![CDATA[Entered the value '24-SEP-02-20-PAT1-STY' in field 'patient-study-id']]>
            </line>
            <line>
              <![CDATA[Entered the value '39.87' in field 'cohort-dose-level']]>
            </line>
            <line>
              <![CDATA[Clicked the item: add-contact-info]]>
            </line>
            <line>
              <![CDATA[Entered the value '11.0' in field 'address-1']]>
            </line>
            <line>
              <![CDATA[Entered the value '2nd Street' in field 'address-2']]>
            </line>
            <line>
              <![CDATA[Entered the value 'Chennai' in field 'city']]>
            </line>
            <line>
              <![CDATA[Entered the value 'Tamil Nadu' in field 'state']]>
            </line>
            <line>
              <![CDATA[Entered the value '123456.0' in field 'zip-postal-code']]>
            </line>
            <line>
              <![CDATA[Entered the value 'India' in field 'country']]>
            </line>
            <line>
              <![CDATA[Entered the value '098-098-978765' in field 'home-phone']]>
            </line>
            <line>
              <![CDATA[Entered the value '7297932-899' in field 'work-phone']]>
            </line>
            <line>
              <![CDATA[Entered the value 'ncoup@ncoup.com' in field 'email']]>
            </line>
            <line>
              <![CDATA[Entered the value 'PID-002' in field 'pid']]>
            </line>
            <line>
              <![CDATA[Entered the value 'a1234' in field 'patient-esgin']]>
            </line>
            <line>
              <![CDATA[Clicked the item: patient-submit]]>
            </line>
          </reporter-output>
        </test-method> <!-- addPatient -->
        <test-method status="PASS" signature="verifyPatient(java.util.Hashtable)[pri:11, instance:NostGroup.NostArtifact.TestCases.IDSFlow_M_R_PR@17c386de]" name="verifyPatient" duration-ms="7314" started-at="2020-09-25T14:47:16 IST" data-provider="getData" depends-on-methods="NostGroup.NostArtifact.TestCases.IDSFlow_M_R_PR.addPatient" finished-at="2020-09-25T14:47:24 IST">
          <params>
            <param index="0">
              <value>
                <![CDATA[{Patient_Study_ID=24-SEP-02-20-PAT1-STY, Gender=Female, Protocol_ID=24-SEP-02-20-PROT, Patient_Status=Active, Patient_Stop_Date=, Country=India, Patient_Start_Date=, Zip/Postal_Code=123456.0, Assigned_Drug=, esignature=a1234, Home_Phone(s)=098-098-978765, State=Tamil Nadu, Drug_Name=24-SEP-02-20-Drg, Patient_MRN=24-SEP-02-20-PAT1-1, Address_2=2nd Street, Address_1=11.0, PID=PID-002, Unit_of_Measure=mEq, Strength/Concentration=22.22, Patient_First_Name=24-SEP-02-20-FN, Patient_Last_Name=24-SEP-02-20-LN, Patient_DOB=11-10-1999, Cohort/Dose_Level=39.87, Email=ncoup@ncoup.com, Work_Phone(s)=7297932-899, City=Chennai}]]>
              </value>
            </param>
          </params>
          <reporter-output>
            <line>
              <![CDATA[Entered the value '24-SEP-02-20-PAT1-1' in field 'patient-search-bar']]>
            </line>
            <line>
              <![CDATA[Patient '24-SEP-02-20-PAT1-1' found in the Patient table]]>
            </line>
          </reporter-output>
        </test-method> <!-- verifyPatient -->
        <test-method status="PASS" signature="commonReceive(java.util.Hashtable)[pri:12, instance:NostGroup.NostArtifact.TestCases.IDSFlow_M_R_PR@17c386de]" name="commonReceive" duration-ms="21745" started-at="2020-09-25T14:47:24 IST" data-provider="getData" depends-on-methods="NostGroup.NostArtifact.TestCases.IDSFlow_M_R_PR.addProtocol" finished-at="2020-09-25T14:47:46 IST">
          <params>
            <param index="0">
              <value>
                <![CDATA[{Receive_Protocol_ID=24-SEP-02-20-PROT, Receive_Drug_name=wewdw, Lot_#=586.iu45-LT3, Formulation=, Range_End=121.0, Unit_Type=Lot, esignature=a1234, Level_of_Accountability=, Receive_Storage_Location=, Drug_Name=24-SEP-02-20-Drg, Expiration_Date=05-05-2021, Receive_Pharmacy=, Range_Start=99.0, IVRS=, Comment=Receving Drug, Unit_of_Measure=mEq, Total_Qty=250.0, Strength/Concentration=87.23, Patient_Specific_Drug=, Receive_Storage_Condition=, Supplier_Name=, Qty_per_Unit=13.54, Static_ID=QWAP-}]]>
              </value>
            </param>
          </params>
          <reporter-output>
            <line>
              <![CDATA[Clicked the item: receive-add]]>
            </line>
            <line>
              <![CDATA[Entered the value '24-SEP-02-20-PROT' in field 'receive-protocol-id']]>
            </line>
            <line>
              <![CDATA[Entered the value '586.iu45-LT3' in field 'receive-lot']]>
            </line>
            <line>
              <![CDATA[Entered the value '05-05-2021' in field 'receive-expiration-date']]>
            </line>
            <line>
              <![CDATA[Entered the value '250.0' in field 'receive-total-qty']]>
            </line>
            <line>
              <![CDATA[Entered the value 'Receving Drug' in field 'receive-comment']]>
            </line>
            <line>
              <![CDATA[Clicked the item: receive-save]]>
            </line>
          </reporter-output>
        </test-method> <!-- commonReceive -->
        <test-method status="PASS" signature="submitqueueReceive(java.util.Hashtable)[pri:13, instance:NostGroup.NostArtifact.TestCases.IDSFlow_M_R_PR@17c386de]" name="submitqueueReceive" duration-ms="20612" started-at="2020-09-25T14:47:46 IST" data-provider="getData" depends-on-methods="NostGroup.NostArtifact.TestCases.IDSFlow_M_R_PR.commonReceive" finished-at="2020-09-25T14:48:06 IST">
          <params>
            <param index="0">
              <value>
                <![CDATA[{Receive_Protocol_ID=24-SEP-02-20-PROT, Receive_Drug_name=wewdw, Lot_#=586.iu45-LT3, Formulation=, Range_End=121.0, Unit_Type=Lot, esignature=a1234, Level_of_Accountability=, Receive_Storage_Location=, Drug_Name=24-SEP-02-20-Drg, Expiration_Date=05-05-2021, Receive_Pharmacy=, Range_Start=99.0, IVRS=, Comment=Receving Drug, Unit_of_Measure=mEq, Total_Qty=250.0, Strength/Concentration=87.23, Patient_Specific_Drug=, Receive_Storage_Condition=, Supplier_Name=, Qty_per_Unit=13.54, Static_ID=QWAP-}]]>
              </value>
            </param>
          </params>
          <reporter-output>
            <line>
              <![CDATA[Entered the value '24-SEP-02-20-PROT' in field 'rec-tab-search']]>
            </line>
            <line>
              <![CDATA[Entered the value 'a1234' in field 'receive-edit']]>
            </line>
            <line>
              <![CDATA[Clicked the item: receive-submit]]>
            </line>
          </reporter-output>
        </test-method> <!-- submitqueueReceive -->
        <test-method status="FAIL" signature="commonTransferToPharmacy(java.util.Hashtable)[pri:14, instance:NostGroup.NostArtifact.TestCases.IDSFlow_M_R_PR@17c386de]" name="commonTransferToPharmacy" duration-ms="36554" started-at="2020-09-25T14:48:06 IST" data-provider="getData" depends-on-methods="NostGroup.NostArtifact.TestCases.IDSFlow_M_R_PR.submitqueueReceive" finished-at="2020-09-25T14:48:43 IST">
          <params>
            <param index="0">
              <value>
                <![CDATA[{Total_Qty_to_Drug_Transfer-Lot=10.0, esignature=a1234, Trans_from_Pharmacy=24-SEP-02-20-PHARM-1-C, Drug_Name=24-SEP-02-20-Drg, Trans_To_Pharmacy=16-JUN-3-20-Pharm1-C, Transfer_Lot_#=586.iu45-LT2, Unit_of_Measure=mEq, Strength/Concentration=22.22, Unit#4=, Unit#3=, From_Storage_location=Location 2, Transfer_Protocol_ID=24-SEP-02-20-PROT, Unit#2=, Unit#1=QWAP-0101, Number_of_units_to_be_transferred=, To_Storage_Location=Location 2, Transfer_comment=Transfer comments, Transfer_Drug_ID=24-SEP-02-20-Drg}]]>
              </value>
            </param>
          </params>
          <exception class="org.openqa.selenium.NoSuchElementException">
            <message>
              <![CDATA[Unable to locate element: #pharmSupplId
For documentation on this error, please visit: https://www.seleniumhq.org/exceptions/no_such_element.html
Build info: version: '3.141.59', revision: 'e82be7d358', time: '2018-11-14T08:17:03'
System info: host: 'CSEKARAITHENT', ip: '192.168.195.48', os.name: 'Windows 10', os.arch: 'amd64', os.version: '10.0', java.version: '1.8.0_112'
Driver info: org.openqa.selenium.firefox.FirefoxDriver
Capabilities {acceptInsecureCerts: true, browserName: firefox, browserVersion: 81.0, javascriptEnabled: true, moz:accessibilityChecks: false, moz:buildID: 20200917005511, moz:geckodriverVersion: 0.27.0, moz:headless: false, moz:processID: 19096, moz:profile: C:\Users\Administrator\AppD..., moz:shutdownTimeout: 60000, moz:useNonSpecCompliantPointerOrigin: false, moz:webdriverClick: true, pageLoadStrategy: normal, platform: WINDOWS, platformName: WINDOWS, platformVersion: 10.0, rotatable: false, setWindowRect: true, strictFileInteractability: false, timeouts: {implicit: 0, pageLoad: 300000, script: 30000}, unhandledPromptBehavior: dismiss and notify}
Session ID: 8fcb554e-c521-4272-89e1-70dfab6ec55f
*** Element info: {Using=id, value=pharmSupplId}]]>
            </message>
            <full-stacktrace>
              <![CDATA[org.openqa.selenium.NoSuchElementException: Unable to locate element: #pharmSupplId
For documentation on this error, please visit: https://www.seleniumhq.org/exceptions/no_such_element.html
Build info: version: '3.141.59', revision: 'e82be7d358', time: '2018-11-14T08:17:03'
System info: host: 'CSEKARAITHENT', ip: '192.168.195.48', os.name: 'Windows 10', os.arch: 'amd64', os.version: '10.0', java.version: '1.8.0_112'
Driver info: org.openqa.selenium.firefox.FirefoxDriver
Capabilities {acceptInsecureCerts: true, browserName: firefox, browserVersion: 81.0, javascriptEnabled: true, moz:accessibilityChecks: false, moz:buildID: 20200917005511, moz:geckodriverVersion: 0.27.0, moz:headless: false, moz:processID: 19096, moz:profile: C:\Users\Administrator\AppD..., moz:shutdownTimeout: 60000, moz:useNonSpecCompliantPointerOrigin: false, moz:webdriverClick: true, pageLoadStrategy: normal, platform: WINDOWS, platformName: WINDOWS, platformVersion: 10.0, rotatable: false, setWindowRect: true, strictFileInteractability: false, timeouts: {implicit: 0, pageLoad: 300000, script: 30000}, unhandledPromptBehavior: dismiss and notify}
Session ID: 8fcb554e-c521-4272-89e1-70dfab6ec55f
*** Element info: {Using=id, value=pharmSupplId}
at sun.reflect.NativeConstructorAccessorImpl.newInstance0(Native Method)
at sun.reflect.NativeConstructorAccessorImpl.newInstance(NativeConstructorAccessorImpl.java:62)
at sun.reflect.DelegatingConstructorAccessorImpl.newInstance(DelegatingConstructorAccessorImpl.java:45)
at java.lang.reflect.Constructor.newInstance(Constructor.java:423)
at org.openqa.selenium.remote.http.W3CHttpResponseCodec.createException(W3CHttpResponseCodec.java:187)
at org.openqa.selenium.remote.http.W3CHttpResponseCodec.decode(W3CHttpResponseCodec.java:122)
at org.openqa.selenium.remote.http.W3CHttpResponseCodec.decode(W3CHttpResponseCodec.java:49)
at org.openqa.selenium.remote.HttpCommandExecutor.execute(HttpCommandExecutor.java:158)
at org.openqa.selenium.remote.service.DriverCommandExecutor.execute(DriverCommandExecutor.java:83)
at org.openqa.selenium.remote.RemoteWebDriver.execute(RemoteWebDriver.java:552)
at org.openqa.selenium.remote.RemoteWebDriver.findElement(RemoteWebDriver.java:323)
at org.openqa.selenium.remote.RemoteWebDriver.findElementById(RemoteWebDriver.java:372)
at org.openqa.selenium.By$ById.findElement(By.java:188)
at org.openqa.selenium.remote.RemoteWebDriver.findElement(RemoteWebDriver.java:315)
at NostGroup.NostArtifact.Base.CommonMethods.find_element(CommonMethods.java:205)
at NostGroup.NostArtifact.Base.CommonMethods.selectText(CommonMethods.java:129)
at NostGroup.NostArtifact.Transfer.TransferToPharmacy.transferCommon(TransferToPharmacy.java:72)
at NostGroup.NostArtifact.TestCases.IDSFlow_M_R_PR.commonTransferToPharmacy(IDSFlow_M_R_PR.java:123)
at sun.reflect.NativeMethodAccessorImpl.invoke0(Native Method)
at sun.reflect.NativeMethodAccessorImpl.invoke(NativeMethodAccessorImpl.java:62)
at sun.reflect.DelegatingMethodAccessorImpl.invoke(DelegatingMethodAccessorImpl.java:43)
at java.lang.reflect.Method.invoke(Method.java:498)
at org.testng.internal.MethodInvocationHelper.invokeMethod(MethodInvocationHelper.java:134)
at org.testng.internal.TestInvoker.invokeMethod(TestInvoker.java:597)
at org.testng.internal.TestInvoker.invokeTestMethod(TestInvoker.java:173)
at org.testng.internal.MethodRunner.runInSequence(MethodRunner.java:46)
at org.testng.internal.TestInvoker$MethodInvocationAgent.invoke(TestInvoker.java:816)
at org.testng.internal.TestInvoker.invokeTestMethods(TestInvoker.java:146)
at org.testng.internal.TestMethodWorker.invokeTestMethods(TestMethodWorker.java:146)
at org.testng.internal.TestMethodWorker.run(TestMethodWorker.java:128)
at java.util.ArrayList.forEach(ArrayList.java:1249)
at org.testng.TestRunner.privateRun(TestRunner.java:766)
at org.testng.TestRunner.run(TestRunner.java:587)
at org.testng.SuiteRunner.runTest(SuiteRunner.java:384)
at org.testng.SuiteRunner.runSequentially(SuiteRunner.java:378)
at org.testng.SuiteRunner.privateRun(SuiteRunner.java:337)
at org.testng.SuiteRunner.run(SuiteRunner.java:286)
at org.testng.SuiteRunnerWorker.runSuite(SuiteRunnerWorker.java:53)
at org.testng.SuiteRunnerWorker.run(SuiteRunnerWorker.java:96)
at org.testng.TestNG.runSuitesSequentially(TestNG.java:1187)
at org.testng.TestNG.runSuitesLocally(TestNG.java:1109)
at org.testng.TestNG.runSuites(TestNG.java:1039)
at org.testng.TestNG.run(TestNG.java:1007)
at org.testng.remote.AbstractRemoteTestNG.run(AbstractRemoteTestNG.java:115)
at org.testng.remote.RemoteTestNG.initAndRun(RemoteTestNG.java:251)
at org.testng.remote.RemoteTestNG.main(RemoteTestNG.java:77)
]]>
            </full-stacktrace>
          </exception> <!-- org.openqa.selenium.NoSuchElementException -->
          <reporter-output>
            <line>
              <![CDATA[Clicked the item: trans-to-pharm]]>
            </line>
            <line>
              <![CDATA[Entered the value '24-SEP-02-20-PROT' in field 'trans-protocol-id']]>
            </line>
            <line>
              <![CDATA[<br>commonTransferToPharmacy: Failed]]>
            </line>
            <line>
              <![CDATA[<br>]]>
            </line>
            <line>
              <![CDATA[<a target="_blank" href="D:\Jagan\NostAuto\NostCore\NostArtifact\Screenshots\Screenshot_Fri_Sep_25_14_48_46_IST_2020.jpg">ScreenShot</a>]]>
            </line>
            <line>
              <![CDATA[<br>]]>
            </line>
          </reporter-output>
        </test-method> <!-- commonTransferToPharmacy -->
        <test-method status="SKIP" signature="addDispense(java.util.Hashtable)[pri:15, instance:NostGroup.NostArtifact.TestCases.IDSFlow_M_R_PR@17c386de]" name="addDispense" duration-ms="0" started-at="2020-09-25T14:48:46 IST" data-provider="getData" depends-on-methods="NostGroup.NostArtifact.TestCases.IDSFlow_M_R_PR.commonTransferToPharmacy" finished-at="2020-09-25T14:48:46 IST">
          <exception class="java.lang.Throwable">
            <message>
              <![CDATA[Method IDSFlow_M_R_PR.addDispense(java.util.Hashtable)[pri:15, instance:NostGroup.NostArtifact.TestCases.IDSFlow_M_R_PR@17c386de] depends on not successfully finished methods]]>
            </message>
            <full-stacktrace>
              <![CDATA[java.lang.Throwable: Method IDSFlow_M_R_PR.addDispense(java.util.Hashtable)[pri:15, instance:NostGroup.NostArtifact.TestCases.IDSFlow_M_R_PR@17c386de] depends on not successfully finished methods
at org.testng.internal.TestInvoker.invokeTestMethods(TestInvoker.java:101)
at org.testng.internal.TestMethodWorker.invokeTestMethods(TestMethodWorker.java:146)
at org.testng.internal.TestMethodWorker.run(TestMethodWorker.java:128)
at java.util.ArrayList.forEach(ArrayList.java:1249)
at org.testng.TestRunner.privateRun(TestRunner.java:766)
at org.testng.TestRunner.run(TestRunner.java:587)
at org.testng.SuiteRunner.runTest(SuiteRunner.java:384)
at org.testng.SuiteRunner.runSequentially(SuiteRunner.java:378)
at org.testng.SuiteRunner.privateRun(SuiteRunner.java:337)
at org.testng.SuiteRunner.run(SuiteRunner.java:286)
at org.testng.SuiteRunnerWorker.runSuite(SuiteRunnerWorker.java:53)
at org.testng.SuiteRunnerWorker.run(SuiteRunnerWorker.java:96)
at org.testng.TestNG.runSuitesSequentially(TestNG.java:1187)
at org.testng.TestNG.runSuitesLocally(TestNG.java:1109)
at org.testng.TestNG.runSuites(TestNG.java:1039)
at org.testng.TestNG.run(TestNG.java:1007)
at org.testng.remote.AbstractRemoteTestNG.run(AbstractRemoteTestNG.java:115)
at org.testng.remote.RemoteTestNG.initAndRun(RemoteTestNG.java:251)
at org.testng.remote.RemoteTestNG.main(RemoteTestNG.java:77)
]]>
            </full-stacktrace>
          </exception> <!-- java.lang.Throwable -->
          <reporter-output>
          </reporter-output>
        </test-method> <!-- addDispense -->
      </class> <!-- NostGroup.NostArtifact.TestCases.IDSFlow_M_R_PR -->
    </test> <!-- dispense Creation -->
  </suite> <!-- Suite -->
</testng-results>
