<?xml version="1.0" encoding="UTF-8"?>
<testng-results skipped="0" failed="0" ignored="0" total="1" passed="1">
  <reporter-output>
    <line>
      <![CDATA[Starting to Login....]]>
    </line>
    <line>
      <![CDATA[Entered the value 'admin' in field 'username']]>
    </line>
    <line>
      <![CDATA[Entered the value 'ncoup' in field 'password']]>
    </line>
    <line>
      <![CDATA[Clicked the item: login-button]]>
    </line>
  </reporter-output>
  <suite name="Suite" duration-ms="8787" started-at="2020-06-18T20:19:31 IST" finished-at="2020-06-18T20:19:40 IST">
    <groups>
    </groups>
    <test name="Nost-Login Test" duration-ms="8787" started-at="2020-06-18T20:19:31 IST" finished-at="2020-06-18T20:19:40 IST">
      <class name="NostGroup.NostArtifact.TestCases.NostloginCase">
        <test-method status="PASS" signature="browserLaunch()[pri:0, instance:NostGroup.NostArtifact.TestCases.NostloginCase@3c87521]" name="browserLaunch" is-config="true" duration-ms="7553" started-at="2020-06-18T20:19:24 IST" finished-at="2020-06-18T20:19:31 IST">
          <reporter-output>
          </reporter-output>
        </test-method> <!-- browserLaunch -->
        <test-method status="PASS" signature="nostLogin(java.util.Hashtable)[pri:1, instance:NostGroup.NostArtifact.TestCases.NostloginCase@3c87521]" name="nostLogin" duration-ms="5622" started-at="2020-06-18T20:19:34 IST" data-provider="getData" finished-at="2020-06-18T20:19:39 IST">
          <params>
            <param index="0">
              <value>
                <![CDATA[{PassWord=ncoup, rundata=Y, UserName=admin, e-Signature=a1234}]]>
              </value>
            </param>
          </params>
          <reporter-output>
            <line>
              <![CDATA[Starting to Login....]]>
            </line>
            <line>
              <![CDATA[Entered the value 'admin' in field 'username']]>
            </line>
            <line>
              <![CDATA[Entered the value 'ncoup' in field 'password']]>
            </line>
            <line>
              <![CDATA[Clicked the item: login-button]]>
            </line>
          </reporter-output>
        </test-method> <!-- nostLogin -->
      </class> <!-- NostGroup.NostArtifact.TestCases.NostloginCase -->
    </test> <!-- Nost-Login Test -->
  </suite> <!-- Suite -->
</testng-results>
